<?xml version="1.0" encoding="utf-8"?><testsuites name="pytest tests"><testsuite name="pytest" errors="0" failures="0" skipped="175" tests="6579" time="219.526" timestamp="2026-07-30T09:06:24.158757+01:00" hostname="Yalis-MBP.communityfibre.co.uk"><properties><property name="hypothesis-statistics-tests/test_execution_ledger.py::test_property_route_actual_equals_sum_of_attempts" value="dGVzdHMvdGVzdF9leGVjdXRpb25fbGVkZ2VyLnB5Ojp0ZXN0X3Byb3BlcnR5X3JvdXRlX2FjdHVhbF9lcXVhbHNfc3VtX29mX2F0dGVtcHRzOgoKICAtIGR1cmluZyBnZW5lcmF0ZSBwaGFzZSAoMC40NiBzZWNvbmRzKToKICAgIC0gVHlwaWNhbCBydW50aW1lczogfiAwLTggbXMsIG9mIHdoaWNoIDwgMW1zIGluIGRhdGEgZ2VuZXJhdGlvbgogICAgLSA3NSBwYXNzaW5nLCAwIGZhaWxpbmcsIGFuZCAxMiBpbnZhbGlkIHRlc3QgY2FzZXMKCiAgLSBTdG9wcGVkIGJlY2F1c2Ugc2V0dGluZ3MubWF4X2V4YW1wbGVzPTc1" /></properties><testcase classname="" name="tests.test_agno_integration" time="0.000"><skipped message="collection skipped">('/Users/yaliandrona/Projects/Chuzom/tests/test_agno_integration.py', 12, "Skipped: could not import 'agno': No module named 'agno'")</skipped></testcase><testcase classname="" name="tests.test_t2_xl1_postgres_budget_backend" time="0.000"><skipped message="collection skipped">('/Users/yaliandrona/Projects/Chuzom/tests/test_t2_xl1_postgres_budget_backend.py', 37, "Skipped: could not import 'psycopg': No module named 'psycopg'")</skipped></testcase><testcase classname="tests.audit.test_chain_correctness" name="test_explicit_pin_wins_over_ollama_codex_claude_and_every_reorder" time="0.007" /><testcase classname="tests.audit.test_chain_correctness" name="test_explicit_pin_not_duplicated_when_already_in_chain" time="0.002" /><testcase classname="tests.audit.test_chain_correctness" name="test_provider_override_reorders_chain_when_no_model_pin" time="0.001" /><testcase classname="tests.audit.test_chain_correctness" name="test_provider_override_survives_later_reorders" time="0.004" /><testcase classname="tests.audit.test_chain_correctness" name="test_pin_applies_for_balanced_but_not_premium_or_reasoning" time="0.002" /><testcase classname="tests.audit.test_chain_correctness" name="test_ollama_injection_also_gated_for_premium" time="0.001" /><testcase classname="tests.audit.test_chain_correctness" name="test_agentic_model_applies_only_to_agentic_task_types" time="0.002" /><testcase classname="tests.audit.test_chain_correctness" name="test_block_providers_removes_matching_models" time="0.002" /><testcase classname="tests.audit.test_chain_correctness" name="test_block_models_removes_exact_model" time="0.001" /><testcase classname="tests.audit.test_chain_correctness" name="test_allow_models_restricts_chain_to_allowlist" time="0.004" /><testcase classname="tests.audit.test_chain_correctness" name="test_allow_models_protects_against_later_ollama_injection" time="0.003" /><testcase classname="tests.audit.test_chain_correctness" name="test_block_providers_protects_against_later_ollama_injection" time="0.003" /><testcase classname="tests.audit.test_chain_correctness" name="test_dedup_preserves_first_occurrence_not_last" time="0.003" /><testcase classname="tests.audit.test_chain_correctness" name="test_media_task_types_skip_text_model_injection_entirely" time="0.001" /><testcase classname="tests.audit.test_concurrency_determinism" name="test_concurrent_calls_cannot_exceed_monthly_budget_cap" time="0.254" /><testcase classname="tests.audit.test_concurrency_determinism" name="test_build_and_filter_chain_deterministic_across_repeated_calls" time="0.058" /><testcase classname="tests.audit.test_config_edge_cases" name="test_no_user_config_and_no_repo_config_returns_sane_defaults" time="0.001" /><testcase classname="tests.audit.test_config_edge_cases" name="test_parse_yaml_malformed_syntax_returns_empty_dict_silently" time="0.001" /><testcase classname="tests.audit.test_config_edge_cases" name="test_load_user_config_with_malformed_yaml_falls_back_to_defaults" time="0.001" /><testcase classname="tests.audit.test_config_edge_cases" name="test_parse_yaml_non_dict_top_level_also_returns_empty_dict" time="0.001" /><testcase classname="tests.audit.test_config_edge_cases" name="test_model_override_lookup_is_not_case_or_whitespace_normalized" time="0.000" /><testcase classname="tests.audit.test_config_edge_cases" name="test_dict_to_config_silently_drops_non_lowercase_routing_keys" time="0.000" /><testcase classname="tests.audit.test_config_edge_cases" name="test_profile_and_enforce_fields_ARE_lowercased_unlike_task_type_keys" time="0.000" /><testcase classname="tests.audit.test_cost_telemetry" name="test_log_usage_reflects_actually_executed_model_not_failed_candidate" time="0.067" /><testcase classname="tests.audit.test_cost_telemetry" name="test_usage_db_row_matches_successful_model_after_chain_fallback" time="0.069" /><testcase classname="tests.audit.test_cost_telemetry" name="test_tok_axis_unit_locks_whole_axis_to_one_scale" time="0.001" /><testcase classname="tests.audit.test_cost_telemetry" name="test_fmt_tok_axis_all_ticks_share_one_suffix_across_wide_range" time="0.000" /><testcase classname="tests.audit.test_cost_telemetry" name="test_fmt_tok_axis_small_range_never_introduces_k_or_m" time="0.001" /><testcase classname="tests.audit.test_cost_telemetry" name="test_quality_report_by_model_excludes_never_recorded_models" time="0.022" /><testcase classname="tests.audit.test_cost_telemetry" name="test_usage_summary_total_cost_matches_only_recorded_rows" time="0.058" /><testcase classname="tests.audit.test_cost_telemetry" name="test_savings_analytics_reports_real_decisions_not_zero" time="0.013" /><testcase classname="tests.audit.test_execution_variety" name="test_mixed_environment_does_not_collapse_all_tasks_to_one_head" time="0.008" /><testcase classname="tests.audit.test_execution_variety" name="test_codex_failure_falls_through_and_logs_routing_fallback" time="0.020" /><testcase classname="tests.audit.test_failure_fallback" name="test_single_model_failure_falls_through_and_is_logged" time="0.009" /><testcase classname="tests.audit.test_failure_fallback" name="test_all_models_failing_raises_clear_terminal_error_without_hanging" time="0.008" /><testcase classname="tests.audit.test_failure_fallback" name="test_rate_limit_error_is_fallback_worthy" time="0.009" /><testcase classname="tests.audit.test_installer_other_hosts" name="test_opencode_install_only_registers_mcp_server" time="0.001" /><testcase classname="tests.audit.test_installer_other_hosts" name="test_opencode_install_is_idempotent_and_additive" time="0.001" /><testcase classname="tests.audit.test_installer_other_hosts" name="test_gemini_cli_install_settings_json_only_registers_mcp_server" time="0.002" /><testcase classname="tests.audit.test_installer_other_hosts" name="test_gemini_cli_install_extension_manifest_has_no_default_keys" time="0.002" /><testcase classname="tests.audit.test_installer_other_hosts" name="test_gemini_cli_install_hooks_json_only_adds_hook_entries" time="0.002" /><testcase classname="tests.audit.test_installer_other_hosts" name="test_copilot_cli_install_only_registers_mcp_server" time="0.001" /><testcase classname="tests.audit.test_installer_other_hosts" name="test_openclaw_install_only_registers_mcp_server" time="0.001" /><testcase classname="tests.audit.test_installer_other_hosts" name="test_trae_install_only_registers_mcp_server" time="0.001" /><testcase classname="tests.audit.test_installer_other_hosts" name="test_factory_install_writes_no_config_files_at_all" time="0.001" /><testcase classname="tests.audit.test_installer_other_hosts" name="test_vscode_install_only_registers_mcp_server_under_servers_key" time="0.001" /><testcase classname="tests.audit.test_installer_other_hosts" name="test_cursor_install_only_registers_mcp_server" time="0.001" /><testcase classname="tests.audit.test_installer_other_hosts" name="test_no_other_host_writes_a_forced_default_scalar[_install_opencode_files-relative_json_paths0]" time="0.001" /><testcase classname="tests.audit.test_installer_other_hosts" name="test_no_other_host_writes_a_forced_default_scalar[_install_copilot_cli_files-relative_json_paths1]" time="0.001" /><testcase classname="tests.audit.test_installer_other_hosts" name="test_no_other_host_writes_a_forced_default_scalar[_install_openclaw_files-relative_json_paths2]" time="0.001" /><testcase classname="tests.audit.test_installer_other_hosts" name="test_no_other_host_writes_a_forced_default_scalar[_install_cursor_files-relative_json_paths3]" time="0.001" /><testcase classname="tests.audit.test_installer_other_hosts" name="test_no_other_host_writes_any_toml_config" time="0.005" /><testcase classname="tests.audit.test_policy_switching" name="test_local_first_promotes_free_providers_in_canonical_order" time="0.000" /><testcase classname="tests.audit.test_policy_switching" name="test_cost_policy_sorts_free_models_ahead_of_paid_ones" time="0.000" /><testcase classname="tests.audit.test_policy_switching" name="test_quality_policy_sorts_by_task_specific_score_descending" time="0.000" /><testcase classname="tests.audit.test_policy_switching" name="test_balanced_policy_is_a_true_no_op" time="0.000" /><testcase classname="tests.audit.test_policy_switching" name="test_effective_profile_precedence_env_beats_repo_beats_user" time="0.001" /><testcase classname="tests.audit.test_policy_switching" name="test_effective_enforce_precedence_env_beats_repo_beats_user" time="0.000" /><testcase classname="tests.audit.test_policy_switching" name="test_repo_routing_pin_overrides_user_pin_for_same_task_no_env_layer" time="0.000" /><testcase classname="tests.audit.test_policy_switching" name="test_block_lists_are_unioned_not_overridden_between_user_and_repo" time="0.000" /><testcase classname="tests.audit.test_policy_switching" name="test_routing_yaml_daily_caps_are_wired_and_downgrade" time="0.005" /><testcase classname="tests.audit.test_policy_switching" name="test_org_policy_task_cap_is_the_mechanism_that_actually_enforces" time="0.004" /><testcase classname="tests.audit.test_policy_switching" name="test_task_caps_are_interpreted_as_cents_not_dollars" time="0.009" /><testcase classname="tests.audit.test_policy_switching" name="test_enforce_mode_hard_blocks_soft_falls_through_to_claude" time="0.009" /><testcase classname="tests.audit.test_provider_matrix" name="test_provider_availability_matrix_never_returns_unavailable_providers[ollama_only]" time="0.006" /><testcase classname="tests.audit.test_provider_matrix" name="test_provider_availability_matrix_never_returns_unavailable_providers[codex_only]" time="0.002" /><testcase classname="tests.audit.test_provider_matrix" name="test_provider_availability_matrix_never_returns_unavailable_providers[claude_subscription_only]" time="0.002" /><testcase classname="tests.audit.test_provider_matrix" name="test_provider_availability_matrix_never_returns_unavailable_providers[everything_available]" time="0.005" /><testcase classname="tests.audit.test_provider_matrix" name="test_provider_availability_matrix_never_returns_unavailable_providers[paid_openai_only]" time="0.001" /><testcase classname="tests.audit.test_provider_matrix" name="test_provider_availability_matrix_never_returns_unavailable_providers[unusual_ollama_names]" time="0.006" /><testcase classname="tests.audit.test_provider_matrix" name="test_no_pin_default_ordering_varies_by_task_type" time="0.006" /><testcase classname="tests.commands.test_budget.TestCmdBudget" name="test_cmd_budget_returns_zero" time="0.001" /><testcase classname="tests.commands.test_budget.TestCmdBudget" name="test_cmd_budget_with_list_subcommand" time="0.001" /><testcase classname="tests.commands.test_budget.TestCmdBudget" name="test_cmd_budget_with_set_subcommand" time="0.001" /><testcase classname="tests.commands.test_budget.TestCmdBudget" name="test_cmd_budget_with_remove_subcommand" time="0.001" /><testcase classname="tests.commands.test_budget.TestCmdBudget" name="test_cmd_budget_no_args_defaults_to_list" time="0.001" /><testcase classname="tests.commands.test_budget.TestBudgetList" name="test_budget_list_displays_header" time="0.001" /><testcase classname="tests.commands.test_budget.TestBudgetList" name="test_budget_list_with_providers" time="0.001" /><testcase classname="tests.commands.test_budget.TestBudgetList" name="test_budget_list_with_uncapped_providers" time="0.001" /><testcase classname="tests.commands.test_budget.TestBudgetSet" name="test_budget_set_missing_provider" time="0.001" /><testcase classname="tests.commands.test_budget.TestBudgetSet" name="test_budget_set_missing_amount" time="0.000" /><testcase classname="tests.commands.test_budget.TestBudgetSet" name="test_budget_set_invalid_amount" time="0.000" /><testcase classname="tests.commands.test_budget.TestBudgetSet" name="test_budget_set_valid_amount" time="0.001" /><testcase classname="tests.commands.test_budget.TestBudgetSet" name="test_budget_set_invalid_provider" time="0.001" /><testcase classname="tests.commands.test_budget.TestBudgetRemove" name="test_budget_remove_missing_provider" time="0.000" /><testcase classname="tests.commands.test_budget.TestBudgetRemove" name="test_budget_remove_existing_cap" time="0.001" /><testcase classname="tests.commands.test_budget.TestBudgetRemove" name="test_budget_remove_nonexistent_cap" time="0.001" /><testcase classname="tests.commands.test_budget.TestBudgetIntegration" name="test_cmd_budget_command_basic" time="0.001" /><testcase classname="tests.commands.test_budget.TestBudgetIntegration" name="test_cmd_budget_set_integration" time="0.001" /><testcase classname="tests.commands.test_config.TestCmdConfig" name="test_cmd_config_returns_zero" time="0.001" /><testcase classname="tests.commands.test_config.TestCmdConfig" name="test_cmd_config_with_show_subcommand" time="0.001" /><testcase classname="tests.commands.test_config.TestCmdConfig" name="test_cmd_config_with_lint_subcommand" time="0.001" /><testcase classname="tests.commands.test_config.TestCmdConfig" name="test_cmd_config_with_init_subcommand" time="0.001" /><testcase classname="tests.commands.test_config.TestCmdConfig" name="test_cmd_config_no_args_defaults_to_show" time="0.001" /><testcase classname="tests.commands.test_config.TestConfigInit" name="test_config_init_creates_file" time="0.001" /><testcase classname="tests.commands.test_config.TestConfigInit" name="test_config_init_file_content" time="0.001" /><testcase classname="tests.commands.test_config.TestConfigInit" name="test_config_init_skips_existing_file" time="0.001" /><testcase classname="tests.commands.test_config.TestConfigInit" name="test_config_init_uses_fingerprinted_profile" time="0.001" /><testcase classname="tests.commands.test_config.TestConfigShow" name="test_config_show_displays_header" time="0.001" /><testcase classname="tests.commands.test_config.TestConfigShow" name="test_config_lint_validates_yaml" time="0.002" /><testcase classname="tests.commands.test_config.TestConfigIntegration" name="test_config_command_basic" time="0.001" /><testcase classname="tests.commands.test_dashboard.TestDashboardPortValidation" name="test_invalid_port_exits_with_web_flag" time="0.001" /><testcase classname="tests.commands.test_dashboard.TestDashboardPortValidation" name="test_invalid_port_exits" time="0.000" /><testcase classname="tests.commands.test_dashboard.TestDashboardPortValidation" name="test_invalid_port_prints_error" time="0.000" /><testcase classname="tests.commands.test_dashboard.TestDashboardPortValidation" name="test_port_flag_parsing" time="0.000" /><testcase classname="tests.commands.test_dashboard.TestDashboardCommandStructure" name="test_cmd_dashboard_exists" time="0.000" /><testcase classname="tests.commands.test_dashboard.TestDashboardCommandStructure" name="test_cmd_dashboard_tui_default" time="0.054" /><testcase classname="tests.commands.test_dashboard.TestDashboardCommandStructure" name="test_cmd_dashboard_web_flag" time="0.001" /><testcase classname="tests.commands.test_dashboard.TestDashboardCommandStructure" name="test_cmd_dashboard_web_with_port" time="0.001" /><testcase classname="tests.commands.test_doctor.TestDoctorCommand" name="test_cmd_doctor_no_args" time="0.001" /><testcase classname="tests.commands.test_doctor.TestDoctorCommand" name="test_cmd_doctor_with_host_flag" time="0.001" /><testcase classname="tests.commands.test_doctor.TestDoctorCommand" name="test_cmd_doctor_with_host_all" time="0.001" /><testcase classname="tests.commands.test_doctor.TestDoctorCommand" name="test_cmd_doctor_missing_host_value" time="0.001" /><testcase classname="tests.commands.test_doctor.TestHookVersionNum" name="test_hook_version_num_found" time="0.001" /><testcase classname="tests.commands.test_doctor.TestHookVersionNum" name="test_hook_version_num_not_found" time="0.001" /><testcase classname="tests.commands.test_doctor.TestHookVersionNum" name="test_hook_version_num_missing_file" time="0.000" /><testcase classname="tests.commands.test_doctor.TestHookVersionNum" name="test_hook_version_num_multiple_versions" time="0.001" /><testcase classname="tests.commands.test_doctor.TestRunDoctorHost" name="test_run_doctor_host_claude" time="0.001" /><testcase classname="tests.commands.test_doctor.TestRunDoctorHost" name="test_run_doctor_host_vscode_macos" time="0.001" /><testcase classname="tests.commands.test_doctor.TestRunDoctorHost" name="test_run_doctor_host_cursor" time="0.001" /><testcase classname="tests.commands.test_doctor.TestRunDoctorHost" name="test_run_doctor_host_codex_gateway_reachable" time="0.001" /><testcase classname="tests.commands.test_doctor.TestRunDoctorHost" name="test_run_doctor_host_codex_reports_forced_default_as_broken" time="0.001" /><testcase classname="tests.commands.test_doctor.TestRunDoctorHost" name="test_run_doctor_host_codex_reports_not_gateway" time="0.001" /><testcase classname="tests.commands.test_doctor.TestRunDoctorHost" name="test_run_doctor_host_all" time="0.011" /><testcase classname="tests.commands.test_doctor.TestRunDoctorHost" name="test_run_doctor_host_invalid" time="0.001" /><testcase classname="tests.commands.test_doctor.TestRunDoctorHost" name="test_run_doctor_host_vscode_windows" time="0.001" /><testcase classname="tests.commands.test_doctor.TestRunDoctor" name="test_run_doctor_all_healthy" time="0.017" /><testcase classname="tests.commands.test_doctor.TestRunDoctor" name="test_run_doctor_with_host_parameter" time="0.016" /><testcase classname="tests.commands.test_doctor.TestRunDoctor" name="test_run_doctor_stale_usage_data" time="0.015" /><testcase classname="tests.commands.test_doctor.TestRunDoctor" name="test_run_doctor_ollama_not_available" time="0.015" /><testcase classname="tests.commands.test_doctor.TestRunDoctor" name="test_run_doctor_missing_hooks" time="0.020" /><testcase classname="tests.commands.test_doctor.TestDoctorIntegration" name="test_doctor_cli_integration" time="0.017" /><testcase classname="tests.commands.test_doctor.TestDoctorIntegration" name="test_doctor_with_all_hosts" time="0.016" /><testcase classname="tests.commands.test_doctor.TestDoctorIntegration" name="test_doctor_formatting" time="0.001" /><testcase classname="tests.commands.test_routing.TestCmdRouting" name="test_cmd_routing_returns_zero" time="0.001" /><testcase classname="tests.commands.test_routing.TestCmdRouting" name="test_cmd_routing_ignores_args" time="0.001" /><testcase classname="tests.commands.test_routing.TestRunRouting" name="test_run_routing_displays_header" time="0.001" /><testcase classname="tests.commands.test_routing.TestRunRouting" name="test_run_routing_shows_providers_section" time="0.001" /><testcase classname="tests.commands.test_routing.TestRunRouting" name="test_run_routing_shows_claude_quota" time="0.001" /><testcase classname="tests.commands.test_routing.TestRunRouting" name="test_run_routing_shows_routing_chains" time="0.001" /><testcase classname="tests.commands.test_routing.TestRunRouting" name="test_run_routing_handles_missing_config" time="0.001" /><testcase classname="tests.commands.test_routing.TestRunRouting" name="test_run_routing_handles_missing_pressure" time="0.001" /><testcase classname="tests.commands.test_routing.TestRunRouting" name="test_run_routing_displays_pressure_indicators" time="0.001" /><testcase classname="tests.commands.test_routing.TestRoutingIntegration" name="test_cmd_routing_basic" time="0.001" /><testcase classname="tests.commands.test_routing.TestRoutingIntegration" name="test_run_routing_completes_without_error" time="0.001" /><testcase classname="tests.commands.test_set_enforce.TestCmdSetEnforce" name="test_cmd_set_enforce_returns_zero" time="0.001" /><testcase classname="tests.commands.test_set_enforce.TestCmdSetEnforce" name="test_cmd_set_enforce_with_mode" time="0.001" /><testcase classname="tests.commands.test_set_enforce.TestCmdSetEnforce" name="test_cmd_set_enforce_no_args" time="0.001" /><testcase classname="tests.commands.test_set_enforce.TestSetEnforceCommand" name="test_set_enforce_invalid_mode_shows_help" time="0.001" /><testcase classname="tests.commands.test_set_enforce.TestSetEnforceCommand" name="test_set_enforce_no_mode_shows_help" time="0.001" /><testcase classname="tests.commands.test_set_enforce.TestSetEnforceCommand" name="test_set_enforce_valid_mode_creates_files" time="0.001" /><testcase classname="tests.commands.test_set_enforce.TestSetEnforceCommand" name="test_set_enforce_updates_existing_routing_yaml" time="0.001" /><testcase classname="tests.commands.test_set_enforce.TestSetEnforceCommand" name="test_set_enforce_creates_env_file" time="0.001" /><testcase classname="tests.commands.test_set_enforce.TestSetEnforceCommand" name="test_set_enforce_updates_existing_env" time="0.001" /><testcase classname="tests.commands.test_set_enforce.TestSetEnforceCommand" name="test_set_enforce_displays_mode_description" time="0.001" /><testcase classname="tests.commands.test_set_enforce.TestSetEnforceIntegration" name="test_cmd_set_enforce_basic" time="0.001" /><testcase classname="tests.commands.test_set_enforce.TestSetEnforceIntegration" name="test_enforce_modes_constants" time="0.000" /><testcase classname="tests.commands.test_status.TestCmdStatus" name="test_cmd_status_no_args" time="0.002" /><testcase classname="tests.commands.test_status.TestCmdStatus" name="test_cmd_status_with_invalid_args" time="0.001" /><testcase classname="tests.commands.test_status.TestCmdStatus" name="test_cmd_status_displays_title" time="0.001" /><testcase classname="tests.commands.test_status.TestCmdStatus" name="test_cmd_status_no_usage_db" time="0.001" /><testcase classname="tests.commands.test_status.TestStatusIntegration" name="test_status_displays_subcommands" time="0.001" /><testcase classname="tests.commands.test_status.TestStatusIntegration" name="test_status_handles_missing_pressure_data" time="0.001" /><testcase classname="tests.commands.test_team.TestCmdTeam" name="test_cmd_team_returns_zero" time="0.001" /><testcase classname="tests.commands.test_team.TestCmdTeam" name="test_cmd_team_with_report_subcommand" time="0.001" /><testcase classname="tests.commands.test_team.TestCmdTeam" name="test_cmd_team_with_push_subcommand" time="0.001" /><testcase classname="tests.commands.test_team.TestCmdTeam" name="test_cmd_team_with_setup_subcommand" time="0.001" /><testcase classname="tests.commands.test_team.TestCmdTeam" name="test_cmd_team_no_args_defaults_to_report" time="0.001" /><testcase classname="tests.commands.test_team.TestCmdTeam" name="test_cmd_team_with_period_flag" time="0.001" /><testcase classname="tests.commands.test_team.TestTeamReport" name="test_team_report_displays_header" time="0.002" /><testcase classname="tests.commands.test_team.TestTeamReport" name="test_team_report_no_data" time="0.001" /><testcase classname="tests.commands.test_team.TestTeamReport" name="test_team_report_with_data" time="0.001" /><testcase classname="tests.commands.test_team.TestTeamSetup" name="test_team_setup_skip" time="0.001" /><testcase classname="tests.commands.test_team.TestTeamSetup" name="test_team_setup_with_url" time="0.001" /><testcase classname="tests.commands.test_team.TestTeamSetup" name="test_team_setup_telegram_with_chat_id" time="0.001" /><testcase classname="tests.commands.test_team.TestTeamIntegration" name="test_team_report_with_period" time="0.001" /><testcase classname="tests.commands.test_team.TestTeamIntegration" name="test_cmd_team_command_basic" time="0.001" /><testcase classname="tests.commands.test_update.TestCmdUpdate" name="test_cmd_update_returns_zero" time="0.001" /><testcase classname="tests.commands.test_update.TestCmdUpdate" name="test_cmd_update_ignores_args" time="0.001" /><testcase classname="tests.commands.test_update.TestUpdateCommand" name="test_run_update_calls_install" time="0.001" /><testcase classname="tests.commands.test_update.TestUpdateCommand" name="test_run_update_displays_header" time="0.001" /><testcase classname="tests.commands.test_update.TestUpdateCommand" name="test_run_update_handles_empty_install_actions" time="0.001" /><testcase classname="tests.commands.test_update.TestUpdateCommand" name="test_run_update_displays_updated_actions" time="0.001" /><testcase classname="tests.commands.test_update.TestUpdateCommand" name="test_run_update_checks_version_match" time="0.001" /><testcase classname="tests.commands.test_update.TestUpdateCommand" name="test_run_update_shows_available_upgrade" time="0.001" /><testcase classname="tests.commands.test_update.TestUpdateCommand" name="test_run_update_handles_unknown_current_version" time="0.001" /><testcase classname="tests.commands.test_update.TestUpdateCommand" name="test_run_update_handles_pypi_error" time="0.001" /><testcase classname="tests.commands.test_update.TestUpdateCommand" name="test_run_update_displays_install_command" time="0.001" /><testcase classname="tests.commands.test_update.TestUpdateIntegration" name="test_cmd_update_basic" time="0.001" /><testcase classname="tests.commands.test_update.TestUpdateIntegration" name="test_run_update_completes_without_error" time="0.001" /><testcase classname="tests.integration.test_host_integrations" name="test_plugin_manifest_is_valid_json[.claude-plugin/plugin.json-]" time="0.001" /><testcase classname="tests.integration.test_host_integrations" name="test_plugin_manifest_is_valid_json[.claude-plugin/marketplace.json-]" time="0.001" /><testcase classname="tests.integration.test_host_integrations" name="test_plugin_manifest_is_valid_json[.codex-plugin/plugin.json-]" time="0.001" /><testcase classname="tests.integration.test_host_integrations" name="test_plugin_manifest_is_valid_json[.codex-plugin/marketplace.json-]" time="0.001" /><testcase classname="tests.integration.test_host_integrations" name="test_plugin_manifest_is_valid_json[.factory-plugin/plugin.json-]" time="0.001" /><testcase classname="tests.integration.test_host_integrations" name="test_plugin_manifest_is_valid_json[.factory-plugin/marketplace.json-]" time="0.001" /><testcase classname="tests.integration.test_host_integrations" name="test_plugin_manifest_version_matches_pyproject[.claude-plugin/plugin.json-]" time="0.001" /><testcase classname="tests.integration.test_host_integrations" name="test_plugin_manifest_version_matches_pyproject[.claude-plugin/marketplace.json-]" time="0.001" /><testcase classname="tests.integration.test_host_integrations" name="test_plugin_manifest_version_matches_pyproject[.codex-plugin/plugin.json-]" time="0.001" /><testcase classname="tests.integration.test_host_integrations" name="test_plugin_manifest_version_matches_pyproject[.codex-plugin/marketplace.json-]" time="0.001" /><testcase classname="tests.integration.test_host_integrations" name="test_plugin_manifest_version_matches_pyproject[.factory-plugin/plugin.json-]" time="0.001" /><testcase classname="tests.integration.test_host_integrations" name="test_plugin_manifest_version_matches_pyproject[.factory-plugin/marketplace.json-]" time="0.001" /><testcase classname="tests.integration.test_host_integrations" name="test_plugin_manifest_has_no_legacy_brand_references[.claude-plugin/plugin.json-]" time="0.001" /><testcase classname="tests.integration.test_host_integrations" name="test_plugin_manifest_has_no_legacy_brand_references[.claude-plugin/marketplace.json-]" time="0.001" /><testcase classname="tests.integration.test_host_integrations" name="test_plugin_manifest_has_no_legacy_brand_references[.codex-plugin/plugin.json-]" time="0.001" /><testcase classname="tests.integration.test_host_integrations" name="test_plugin_manifest_has_no_legacy_brand_references[.codex-plugin/marketplace.json-]" time="0.001" /><testcase classname="tests.integration.test_host_integrations" name="test_plugin_manifest_has_no_legacy_brand_references[.factory-plugin/plugin.json-]" time="0.001" /><testcase classname="tests.integration.test_host_integrations" name="test_plugin_manifest_has_no_legacy_brand_references[.factory-plugin/marketplace.json-]" time="0.001" /><testcase classname="tests.integration.test_host_integrations" name="test_plugin_manifest_has_name_and_description[.claude-plugin/plugin.json-]" time="0.001" /><testcase classname="tests.integration.test_host_integrations" name="test_plugin_manifest_has_name_and_description[.claude-plugin/marketplace.json-]" time="0.001" /><testcase classname="tests.integration.test_host_integrations" name="test_plugin_manifest_has_name_and_description[.codex-plugin/plugin.json-]" time="0.001" /><testcase classname="tests.integration.test_host_integrations" name="test_plugin_manifest_has_name_and_description[.codex-plugin/marketplace.json-]" time="0.001" /><testcase classname="tests.integration.test_host_integrations" name="test_plugin_manifest_has_name_and_description[.factory-plugin/plugin.json-]" time="0.001" /><testcase classname="tests.integration.test_host_integrations" name="test_plugin_manifest_has_name_and_description[.factory-plugin/marketplace.json-]" time="0.001" /><testcase classname="tests.integration.test_host_integrations" name="test_rules_file_is_non_empty[chuzom.md]" time="0.001" /><testcase classname="tests.integration.test_host_integrations" name="test_rules_file_is_non_empty[codex-rules.md]" time="0.001" /><testcase classname="tests.integration.test_host_integrations" name="test_rules_file_is_non_empty[copilot-cli-rules.md]" time="0.001" /><testcase classname="tests.integration.test_host_integrations" name="test_rules_file_is_non_empty[copilot-rules.md]" time="0.001" /><testcase classname="tests.integration.test_host_integrations" name="test_rules_file_is_non_empty[cursor-rules.md]" time="0.001" /><testcase classname="tests.integration.test_host_integrations" name="test_rules_file_is_non_empty[desktop-rules.md]" time="0.001" /><testcase classname="tests.integration.test_host_integrations" name="test_rules_file_is_non_empty[gemini-cli-rules.md]" time="0.001" /><testcase classname="tests.integration.test_host_integrations" name="test_rules_file_is_non_empty[gemini-rules.md]" time="0.001" /><testcase classname="tests.integration.test_host_integrations" name="test_rules_file_is_non_empty[openclaw-rules.md]" time="0.001" /><testcase classname="tests.integration.test_host_integrations" name="test_rules_file_is_non_empty[opencode-rules.md]" time="0.001" /><testcase classname="tests.integration.test_host_integrations" name="test_rules_file_is_non_empty[pi-rules.md]" time="0.001" /><testcase classname="tests.integration.test_host_integrations" name="test_rules_file_is_non_empty[trae-rules.md]" time="0.001" /><testcase classname="tests.integration.test_host_integrations" name="test_rules_file_is_non_empty[vscode-rules.md]" time="0.001" /><testcase classname="tests.integration.test_host_integrations" name="test_rules_file_starts_with_markdown_header[chuzom.md]" time="0.001" /><testcase classname="tests.integration.test_host_integrations" name="test_rules_file_starts_with_markdown_header[codex-rules.md]" time="0.001" /><testcase classname="tests.integration.test_host_integrations" name="test_rules_file_starts_with_markdown_header[copilot-cli-rules.md]" time="0.001" /><testcase classname="tests.integration.test_host_integrations" name="test_rules_file_starts_with_markdown_header[copilot-rules.md]" time="0.001" /><testcase classname="tests.integration.test_host_integrations" name="test_rules_file_starts_with_markdown_header[cursor-rules.md]" time="0.001" /><testcase classname="tests.integration.test_host_integrations" name="test_rules_file_starts_with_markdown_header[desktop-rules.md]" time="0.001" /><testcase classname="tests.integration.test_host_integrations" name="test_rules_file_starts_with_markdown_header[gemini-cli-rules.md]" time="0.001" /><testcase classname="tests.integration.test_host_integrations" name="test_rules_file_starts_with_markdown_header[gemini-rules.md]" time="0.001" /><testcase classname="tests.integration.test_host_integrations" name="test_rules_file_starts_with_markdown_header[openclaw-rules.md]" time="0.001" /><testcase classname="tests.integration.test_host_integrations" name="test_rules_file_starts_with_markdown_header[opencode-rules.md]" time="0.001" /><testcase classname="tests.integration.test_host_integrations" name="test_rules_file_starts_with_markdown_header[pi-rules.md]" time="0.001" /><testcase classname="tests.integration.test_host_integrations" name="test_rules_file_starts_with_markdown_header[trae-rules.md]" time="0.001" /><testcase classname="tests.integration.test_host_integrations" name="test_rules_file_starts_with_markdown_header[vscode-rules.md]" time="0.001" /><testcase classname="tests.integration.test_host_integrations" name="test_rules_file_has_no_legacy_brand_references[chuzom.md]" time="0.001" /><testcase classname="tests.integration.test_host_integrations" name="test_rules_file_has_no_legacy_brand_references[codex-rules.md]" time="0.001" /><testcase classname="tests.integration.test_host_integrations" name="test_rules_file_has_no_legacy_brand_references[copilot-cli-rules.md]" time="0.001" /><testcase classname="tests.integration.test_host_integrations" name="test_rules_file_has_no_legacy_brand_references[copilot-rules.md]" time="0.001" /><testcase classname="tests.integration.test_host_integrations" name="test_rules_file_has_no_legacy_brand_references[cursor-rules.md]" time="0.001" /><testcase classname="tests.integration.test_host_integrations" name="test_rules_file_has_no_legacy_brand_references[desktop-rules.md]" time="0.001" /><testcase classname="tests.integration.test_host_integrations" name="test_rules_file_has_no_legacy_brand_references[gemini-cli-rules.md]" time="0.001" /><testcase classname="tests.integration.test_host_integrations" name="test_rules_file_has_no_legacy_brand_references[gemini-rules.md]" time="0.001" /><testcase classname="tests.integration.test_host_integrations" name="test_rules_file_has_no_legacy_brand_references[openclaw-rules.md]" time="0.001" /><testcase classname="tests.integration.test_host_integrations" name="test_rules_file_has_no_legacy_brand_references[opencode-rules.md]" time="0.001" /><testcase classname="tests.integration.test_host_integrations" name="test_rules_file_has_no_legacy_brand_references[pi-rules.md]" time="0.001" /><testcase classname="tests.integration.test_host_integrations" name="test_rules_file_has_no_legacy_brand_references[trae-rules.md]" time="0.001" /><testcase classname="tests.integration.test_host_integrations" name="test_rules_file_has_no_legacy_brand_references[vscode-rules.md]" time="0.001" /><testcase classname="tests.integration.test_host_integrations" name="test_rules_file_mentions_at_least_one_chuzom_tool[chuzom.md]" time="0.001" /><testcase classname="tests.integration.test_host_integrations" name="test_rules_file_mentions_at_least_one_chuzom_tool[codex-rules.md]" time="0.001" /><testcase classname="tests.integration.test_host_integrations" name="test_rules_file_mentions_at_least_one_chuzom_tool[copilot-cli-rules.md]" time="0.001" /><testcase classname="tests.integration.test_host_integrations" name="test_rules_file_mentions_at_least_one_chuzom_tool[copilot-rules.md]" time="0.001" /><testcase classname="tests.integration.test_host_integrations" name="test_rules_file_mentions_at_least_one_chuzom_tool[cursor-rules.md]" time="0.001" /><testcase classname="tests.integration.test_host_integrations" name="test_rules_file_mentions_at_least_one_chuzom_tool[desktop-rules.md]" time="0.001" /><testcase classname="tests.integration.test_host_integrations" name="test_rules_file_mentions_at_least_one_chuzom_tool[gemini-cli-rules.md]" time="0.001" /><testcase classname="tests.integration.test_host_integrations" name="test_rules_file_mentions_at_least_one_chuzom_tool[gemini-rules.md]" time="0.001" /><testcase classname="tests.integration.test_host_integrations" name="test_rules_file_mentions_at_least_one_chuzom_tool[openclaw-rules.md]" time="0.001" /><testcase classname="tests.integration.test_host_integrations" name="test_rules_file_mentions_at_least_one_chuzom_tool[opencode-rules.md]" time="0.001" /><testcase classname="tests.integration.test_host_integrations" name="test_rules_file_mentions_at_least_one_chuzom_tool[pi-rules.md]" time="0.001" /><testcase classname="tests.integration.test_host_integrations" name="test_rules_file_mentions_at_least_one_chuzom_tool[trae-rules.md]" time="0.001" /><testcase classname="tests.integration.test_host_integrations" name="test_rules_file_mentions_at_least_one_chuzom_tool[vscode-rules.md]" time="0.001" /><testcase classname="tests.integration.test_host_integrations" name="test_cursor_adapter_writes_valid_config" time="0.001" /><testcase classname="tests.integration.test_host_integrations" name="test_cursor_adapter_install_is_idempotent" time="0.001" /><testcase classname="tests.integration.test_host_integrations" name="test_cursor_adapter_preserves_other_mcp_servers" time="0.001" /><testcase classname="tests.integration.test_host_integrations" name="test_cursor_adapter_uninstall_removes_only_chuzom" time="0.001" /><testcase classname="tests.integration.test_host_integrations" name="test_cursor_adapter_uninstall_on_missing_config_is_noop" time="0.001" /><testcase classname="tests.integration.test_host_integrations" name="test_cursor_adapter_is_installed_check" time="0.001" /><testcase classname="tests.integration.test_host_integrations" name="test_cursor_adapter_recovers_from_corrupt_config" time="0.001" /><testcase classname="tests.integration.test_host_integrations" name="test_gemini_cli_adapter_writes_valid_config" time="0.001" /><testcase classname="tests.integration.test_host_integrations" name="test_gemini_cli_adapter_install_is_idempotent" time="0.001" /><testcase classname="tests.integration.test_host_integrations" name="test_gemini_cli_adapter_preserves_other_servers" time="0.001" /><testcase classname="tests.integration.test_host_integrations" name="test_gemini_cli_adapter_uninstall_idempotent" time="0.001" /><testcase classname="tests.integration.test_host_integrations" name="test_cli_install_host_has_rules_or_plugin[codex]" time="0.001" /><testcase classname="tests.integration.test_host_integrations" name="test_cli_install_host_has_rules_or_plugin[copilot]" time="0.001" /><testcase classname="tests.integration.test_host_integrations" name="test_cli_install_host_has_rules_or_plugin[copilot-cli]" time="0.001" /><testcase classname="tests.integration.test_host_integrations" name="test_cli_install_host_has_rules_or_plugin[factory]" time="0.001" /><testcase classname="tests.integration.test_host_integrations" name="test_cli_install_host_has_rules_or_plugin[gemini-cli]" time="0.001" /><testcase classname="tests.integration.test_host_integrations" name="test_cli_install_host_has_rules_or_plugin[openclaw]" time="0.001" /><testcase classname="tests.integration.test_host_integrations" name="test_cli_install_host_has_rules_or_plugin[opencode]" time="0.001" /><testcase classname="tests.integration.test_host_integrations" name="test_cli_install_host_has_rules_or_plugin[pi]" time="0.001" /><testcase classname="tests.integration.test_host_integrations" name="test_cli_install_host_has_rules_or_plugin[trae]" time="0.001" /><testcase classname="tests.integration.test_host_integrations" name="test_tools_module_exposes_expected_callables[routing]" time="0.001" /><testcase classname="tests.integration.test_host_integrations" name="test_tools_module_exposes_expected_callables[text]" time="0.001" /><testcase classname="tests.integration.test_host_integrations" name="test_tools_module_exposes_expected_callables[agents]" time="0.001" /><testcase classname="tests.integration.test_host_integrations" name="test_tools_agents_register_function_exists" time="0.001" /><testcase classname="tests.integration.test_host_integrations" name="test_framework_adapter_has_protocol_shape[agno]" time="0.001" /><testcase classname="tests.integration.test_host_integrations" name="test_framework_adapter_has_protocol_shape[hermes]" time="0.001" /><testcase classname="tests.integration.test_host_integrations" name="test_framework_adapter_has_protocol_shape[langgraph]" time="0.001" /><testcase classname="tests.integration.test_host_integrations" name="test_framework_adapter_has_protocol_shape[crewai]" time="0.001" /><testcase classname="tests.integration.test_host_integrations" name="test_framework_adapter_has_protocol_shape[openai_agents]" time="0.001" /><testcase classname="tests.integration.test_host_integrations" name="test_framework_adapter_has_protocol_shape[claude_agent_sdk]" time="0.001" /><testcase classname="tests.integration.test_host_integrations" name="test_framework_adapter_has_protocol_shape[pydantic_ai]" time="0.001" /><testcase classname="tests.integration.test_host_integrations" name="test_framework_adapter_is_available_is_callable[agno]" time="0.001" /><testcase classname="tests.integration.test_host_integrations" name="test_framework_adapter_is_available_is_callable[hermes]" time="0.001" /><testcase classname="tests.integration.test_host_integrations" name="test_framework_adapter_is_available_is_callable[langgraph]" time="0.001" /><testcase classname="tests.integration.test_host_integrations" name="test_framework_adapter_is_available_is_callable[crewai]" time="0.001" /><testcase classname="tests.integration.test_host_integrations" name="test_framework_adapter_is_available_is_callable[openai_agents]" time="0.001" /><testcase classname="tests.integration.test_host_integrations" name="test_framework_adapter_is_available_is_callable[claude_agent_sdk]" time="0.001" /><testcase classname="tests.integration.test_host_integrations" name="test_framework_adapter_is_available_is_callable[pydantic_ai]" time="0.001" /><testcase classname="tests.integration.test_host_integrations" name="test_all_plugin_versions_match" time="0.001" /><testcase classname="tests.integration.test_host_integrations" name="test_main_rules_file_exists" time="0.001" /><testcase classname="tests.integration.test_host_integrations" name="test_main_rules_file_has_version_marker" time="0.001" /><testcase classname="tests.integration.test_host_integrations" name="test_dotrules_file_references_chuzom" time="0.001" /><testcase classname="tests.library.test_library_v081" name="test_doc_roundtrip_preserves_meta" time="0.054" /><testcase classname="tests.library.test_library_v081" name="test_read_missing_returns_none" time="0.050" /><testcase classname="tests.library.test_library_v081" name="test_scrub_secrets_redacts_keys" time="0.001" /><testcase classname="tests.library.test_library_v081" name="test_seal_mechanical_fallback" time="0.059" /><testcase classname="tests.library.test_library_v081" name="test_seal_empty_tail_is_noop" time="0.051" /><testcase classname="tests.library.test_library_v081" name="test_close_book_writes_book_md" time="0.063" /><testcase classname="tests.library.test_library_v081" name="test_biography_merge_filters_none_and_dedupes" time="0.050" /><testcase classname="tests.library.test_library_v081" name="test_biography_cap" time="0.058" /><testcase classname="tests.library.test_library_v081" name="test_abridge_mechanical_and_cache" time="0.064" /><testcase classname="tests.library.test_library_v081" name="test_abridge_full_is_verbatim_and_bad_tier_raises" time="0.060" /><testcase classname="tests.library.test_library_v081" name="test_mechanical_respects_budget" time="0.001" /><testcase classname="tests.library.test_library_v081" name="test_gate_shares_sum_to_one" time="0.001" /><testcase classname="tests.library.test_library_v081" name="test_pack_empty_store_is_empty" time="0.048" /><testcase classname="tests.library.test_library_v081" name="test_pack_orders_freshest_first" time="0.062" /><testcase classname="tests.library.test_library_v081" name="test_pack_clamps_to_budget" time="0.062" /><testcase classname="tests.lineage.test_audit_edge_cases.TestEmptySession" name="test_empty_session_report_graceful" time="0.003" /><testcase classname="tests.lineage.test_audit_edge_cases.TestLargeSession" name="test_large_session_100_decisions" time="0.036" /><testcase classname="tests.lineage.test_audit_edge_cases.TestMalformedData" name="test_corrupt_jsonl_line" time="0.004"><skipped type="pytest.xfail" message="WIP lineage suite: audit edge-case behaviour not yet stabilized" /></testcase><testcase classname="tests.lineage.test_audit_edge_cases.TestConcurrentAccess" name="test_multiple_sequential_writes" time="0.020" /><testcase classname="tests.lineage.test_audit_edge_cases.TestDataConsistency" name="test_jsonl_sqlite_parity" time="0.005" /><testcase classname="tests.lineage.test_audit_edge_cases.TestTokenCalculations" name="test_token_sum_accuracy" time="0.004" /><testcase classname="tests.lineage.test_audit_edge_cases.TestFallbackChainTracking" name="test_fallback_chain_preserved" time="0.003" /><testcase classname="tests.lineage.test_audit_edge_cases.TestWastefulOperationDetection" name="test_waste_detection_accuracy" time="0.003" /><testcase classname="tests.lineage.test_audit_edge_cases.TestDatabaseRecovery" name="test_corrupted_db_recovery" time="0.003" /><testcase classname="tests.lineage.test_audit_edge_cases.TestErrorHandling" name="test_missing_lineage_dir" time="0.003" /><testcase classname="tests.lineage.test_audit_edge_cases.TestRequestIDLinkage" name="test_request_id_grouping" time="0.004" /><testcase classname="tests.lineage.test_hook_integration.TestSessionStartIntegration" name="test_init_session_lineage_creates_marker" time="0.001" /><testcase classname="tests.lineage.test_hook_integration.TestSessionStartIntegration" name="test_init_session_lineage_cleans_old_files" time="0.001" /><testcase classname="tests.lineage.test_hook_integration.TestSessionEndIntegration" name="test_get_session_routing_report_empty_when_no_decisions" time="0.001" /><testcase classname="tests.lineage.test_hook_integration.TestSessionEndIntegration" name="test_get_waste_alerts_empty_when_no_waste" time="0.004" /><testcase classname="tests.lineage.test_hook_integration.TestSessionEndIntegration" name="test_get_waste_alerts_detects_waste" time="0.003" /><testcase classname="tests.lineage.test_hook_integration.TestSessionEndIntegration" name="test_get_routing_metrics_summary" time="0.004" /><testcase classname="tests.lineage.test_hook_integration.TestSessionEndIntegration" name="test_format_routing_section_shows_metrics" time="0.003" /><testcase classname="tests.lineage.test_hook_integration.TestSessionEndIntegration" name="test_format_routing_section_alerts_on_waste" time="0.004" /><testcase classname="tests.lineage.test_hook_integration.TestGracefulFailures" name="test_get_session_routing_report_handles_missing_system" time="0.001" /><testcase classname="tests.lineage.test_hook_integration.TestGracefulFailures" name="test_get_waste_alerts_handles_error" time="0.001" /><testcase classname="tests.lineage.test_hook_integration.TestGracefulFailures" name="test_get_routing_metrics_summary_handles_missing_data" time="0.001" /><testcase classname="tests.lineage.test_hook_integration.TestGracefulFailures" name="test_format_routing_section_handles_error" time="0.001" /><testcase classname="tests.lineage.test_hook_integration.TestEndToEndSessionLifecycle" name="test_session_with_routing_decisions" time="0.004" /><testcase classname="tests.lineage.test_lineage_integration.TestEndToEndLineageTracking" name="test_realistic_session_with_mixed_operations" time="0.006" /><testcase classname="tests.lineage.test_lineage_integration.TestEndToEndLineageTracking" name="test_detect_wasteful_patterns_across_sessions" time="0.021" /><testcase classname="tests.lineage.test_lineage_integration.TestEndToEndLineageTracking" name="test_query_performance_optimization_metrics" time="0.011" /><testcase classname="tests.lineage.test_lineage_integration.TestEndToEndLineageTracking" name="test_report_identifies_optimization_opportunities" time="0.020" /><testcase classname="tests.lineage.test_lineage_integration.TestEndToEndLineageTracking" name="test_lineage_store_dual_write_consistency" time="0.011" /><testcase classname="tests.lineage.test_routing_decisions.TestRoutingDecisionLogging" name="test_log_simple_operation_with_cheap_model" time="0.003" /><testcase classname="tests.lineage.test_routing_decisions.TestRoutingDecisionLogging" name="test_log_complex_operation_with_expensive_model" time="0.003" /><testcase classname="tests.lineage.test_routing_decisions.TestRoutingDecisionLogging" name="test_log_fallback_chain" time="0.003" /><testcase classname="tests.lineage.test_routing_decisions.TestRoutingDecisionLogging" name="test_log_with_request_tracing" time="0.003" /><testcase classname="tests.lineage.test_routing_decisions.TestRoutingDecisionLogging" name="test_decision_is_immutable" time="0.003" /><testcase classname="tests.lineage.test_routing_decisions.TestLineageQuery" name="test_find_wasteful_operations" time="0.004" /><testcase classname="tests.lineage.test_routing_decisions.TestLineageQuery" name="test_model_usage_by_operation" time="0.005" /><testcase classname="tests.lineage.test_routing_decisions.TestLineageQuery" name="test_token_usage_by_model" time="0.003" /><testcase classname="tests.lineage.test_routing_decisions.TestLineageQuery" name="test_trace_decision_chain" time="0.006" /><testcase classname="tests.lineage.test_routing_decisions.TestLineageQuery" name="test_get_fallback_statistics" time="0.004" /><testcase classname="tests.lineage.test_routing_decisions.TestLineageQuery" name="test_get_classification_distribution" time="0.006" /><testcase classname="tests.lineage.test_routing_decisions.TestLineageQuery" name="test_get_average_latency_by_model" time="0.003" /><testcase classname="tests.lineage.test_routing_decisions.TestReportGeneration" name="test_generate_routing_report" time="0.005" /><testcase classname="tests.lineage.test_routing_decisions.TestReportGeneration" name="test_format_decision" time="0.003" /><testcase classname="tests.lineage.test_routing_decisions.TestRoutingOptimality" name="test_simple_operations_use_cheap_models_only" time="0.036" /><testcase classname="tests.lineage.test_routing_decisions.TestRoutingOptimality" name="test_complex_operations_use_appropriate_models" time="0.005" /><testcase classname="tests.lineage.test_session_demo" name="test_full_session_lifecycle_with_report" time="0.008" /><testcase classname="tests.qa.test_agno_deep" name="test_agno_module_importable" time="0.001" /><testcase classname="tests.qa.test_agno_deep" name="test_agno_adapter_class_exists" time="0.001" /><testcase classname="tests.qa.test_agno_deep" name="test_agno_adapter_implements_framework_protocol" time="0.001" /><testcase classname="tests.qa.test_agno_deep" name="test_agno_adapter_is_available_matches_runtime_state" time="0.001" /><testcase classname="tests.qa.test_agno_deep" name="test_agno_adapter_detect_agent_id_returns_string_or_none" time="0.001" /><testcase classname="tests.qa.test_agno_deep" name="test_agno_adapter_wrap_model_raises_with_install_hint_when_missing" time="0.001" /><testcase classname="tests.qa.test_agno_deep" name="test_agno_adapter_error_message_names_the_pip_extra" time="0.001" /><testcase classname="tests.qa.test_agno_deep" name="test_agno_adapter_construction_is_constant_time" time="0.001" /><testcase classname="tests.qa.test_agno_deep" name="test_agno_module_import_is_cheap" time="0.001" /><testcase classname="tests.qa.test_agno_deep" name="test_agno_routered_model_is_re_exported_consistently" time="0.001"><skipped type="pytest.skip" message="Agno not installed">/Users/yaliandrona/Projects/Chuzom/tests/qa/test_agno_deep.py:193: Agno not installed</skipped></testcase><testcase classname="tests.qa.test_agno_deep" name="test_agno_routered_team_is_re_exported_consistently" time="0.001"><skipped type="pytest.skip" message="Agno not installed">/Users/yaliandrona/Projects/Chuzom/tests/qa/test_agno_deep.py:204: Agno not installed</skipped></testcase><testcase classname="tests.qa.test_agno_deep" name="test_agno_module_exports_documented_symbols" time="0.001" /><testcase classname="tests.qa.test_agno_deep" name="test_agno_module_has_install_instructions_in_docstring" time="0.001" /><testcase classname="tests.qa.test_agno_deep" name="test_routered_model_subclasses_agno_model" time="0.000"><skipped type="pytest.skip" message="Agno not installed in this venv">/Users/yaliandrona/Projects/Chuzom/tests/qa/test_agno_deep.py:241: Agno not installed in this venv</skipped></testcase><testcase classname="tests.qa.test_agno_deep" name="test_routered_team_subclasses_agno_team" time="0.000"><skipped type="pytest.skip" message="Agno not installed in this venv">/Users/yaliandrona/Projects/Chuzom/tests/qa/test_agno_deep.py:250: Agno not installed in this venv</skipped></testcase><testcase classname="tests.qa.test_agno_deep" name="test_routered_model_constructible_with_task_type" time="0.000"><skipped type="pytest.skip" message="Agno not installed in this venv">/Users/yaliandrona/Projects/Chuzom/tests/qa/test_agno_deep.py:259: Agno not installed in this venv</skipped></testcase><testcase classname="tests.qa.test_agno_deep" name="test_agno_adapter_wrap_model_returns_routered_model" time="0.000"><skipped type="pytest.skip" message="Agno not installed in this venv">/Users/yaliandrona/Projects/Chuzom/tests/qa/test_agno_deep.py:267: Agno not installed in this venv</skipped></testcase><testcase classname="tests.qa.test_agno_deep" name="test_agno_detect_agent_id_from_fake_agent" time="0.001" /><testcase classname="tests.qa.test_agno_deep" name="test_agno_detect_agent_id_handles_missing_name_attribute" time="0.001" /><testcase classname="tests.qa.test_agno_deep" name="test_agno_framework_string_recognized_by_lineage" time="0.000"><skipped type="pytest.skip" message="v0.1.x known-broken: lineage.make_record helper not implemented">/Users/yaliandrona/Projects/Chuzom/tests/qa/test_agno_deep.py:310: v0.1.x known-broken: lineage.make_record helper not implemented</skipped></testcase><testcase classname="tests.qa.test_agno_deep" name="test_agno_session_can_use_framework_attribution" time="0.002" /><testcase classname="tests.qa.test_enterprise" name="test_create_org_team_user_chain" time="0.003" /><testcase classname="tests.qa.test_enterprise" name="test_org_name_uniqueness_enforced" time="0.002" /><testcase classname="tests.qa.test_enterprise" name="test_user_email_uniqueness_enforced" time="0.003" /><testcase classname="tests.qa.test_enterprise" name="test_create_team_validates_org_exists" time="0.002" /><testcase classname="tests.qa.test_enterprise" name="test_create_user_validates_team_exists" time="0.002" /><testcase classname="tests.qa.test_enterprise" name="test_issue_token_returns_plaintext_once" time="0.003" /><testcase classname="tests.qa.test_enterprise" name="test_authenticate_validates_token" time="0.003" /><testcase classname="tests.qa.test_enterprise" name="test_authenticate_unknown_token_raises" time="0.002" /><testcase classname="tests.qa.test_enterprise" name="test_authenticate_malformed_prefix_raises" time="0.002" /><testcase classname="tests.qa.test_enterprise" name="test_revoked_token_rejected" time="0.003" /><testcase classname="tests.qa.test_enterprise" name="test_revoke_user_tokens_revokes_all" time="0.004" /><testcase classname="tests.qa.test_enterprise" name="test_deactivated_user_token_rejected" time="0.003" /><testcase classname="tests.qa.test_enterprise" name="test_token_for_deactivated_user_not_issuable" time="0.003" /><testcase classname="tests.qa.test_enterprise" name="test_role_permission_matrix[employee-route_prompt-True]" time="0.001" /><testcase classname="tests.qa.test_enterprise" name="test_role_permission_matrix[employee-view_own_usage-True]" time="0.001" /><testcase classname="tests.qa.test_enterprise" name="test_role_permission_matrix[employee-view_team_audit-False]" time="0.001" /><testcase classname="tests.qa.test_enterprise" name="test_role_permission_matrix[employee-manage_users-False]" time="0.001" /><testcase classname="tests.qa.test_enterprise" name="test_role_permission_matrix[manager-view_team_audit-True]" time="0.001" /><testcase classname="tests.qa.test_enterprise" name="test_role_permission_matrix[manager-set_team_quota-True]" time="0.001" /><testcase classname="tests.qa.test_enterprise" name="test_role_permission_matrix[manager-manage_users-False]" time="0.001" /><testcase classname="tests.qa.test_enterprise" name="test_role_permission_matrix[admin-manage_users-True]" time="0.001" /><testcase classname="tests.qa.test_enterprise" name="test_role_permission_matrix[admin-view_all_audit-True]" time="0.001" /><testcase classname="tests.qa.test_enterprise" name="test_role_permission_matrix[service_account-route_prompt-True]" time="0.001" /><testcase classname="tests.qa.test_enterprise" name="test_role_permission_matrix[service_account-view_own_audit-False]" time="0.001" /><testcase classname="tests.qa.test_enterprise" name="test_require_permission_raises_on_denied" time="0.001" /><testcase classname="tests.qa.test_enterprise" name="test_has_permission_handles_missing_attribute" time="0.001" /><testcase classname="tests.qa.test_enterprise" name="test_audit_append_returns_filled_event" time="0.002" /><testcase classname="tests.qa.test_enterprise" name="test_audit_chain_links_consecutive_events" time="0.003" /><testcase classname="tests.qa.test_enterprise" name="test_audit_verify_chain_on_clean_log_passes" time="0.003" /><testcase classname="tests.qa.test_enterprise" name="test_audit_verify_chain_detects_tampering" time="0.003" /><testcase classname="tests.qa.test_enterprise" name="test_audit_recent_filters_by_org" time="0.002" /><testcase classname="tests.qa.test_enterprise" name="test_audit_by_actor_returns_user_events" time="0.002" /><testcase classname="tests.qa.test_enterprise" name="test_audit_export_cef_emits_one_line_per_event" time="0.003" /><testcase classname="tests.qa.test_enterprise" name="test_audit_export_json_round_trip" time="0.002" /><testcase classname="tests.qa.test_enterprise" name="test_redaction_catches_default_patterns[My OPENAI_API_KEY=sk-proj-abcdefghij1234567890ABCDEFGHIJ-openai_key]" time="0.001" /><testcase classname="tests.qa.test_enterprise" name="test_redaction_catches_default_patterns[ANTHROPIC=sk-ant-DONOTLEAKabcdefghijklmnopqrst-anthropic_key]" time="0.001" /><testcase classname="tests.qa.test_enterprise" name="test_redaction_catches_default_patterns[AWS_ACCESS_KEY_ID=AKIAIOSFODNN7EXAMPLE-aws_access_key]" time="0.001" /><testcase classname="tests.qa.test_enterprise" name="test_redaction_catches_default_patterns[token: ghp_abcdefghijklmnopqrstuvwxyzABCDEFGHIJ-github_token]" time="0.001" /><testcase classname="tests.qa.test_enterprise" name="test_redaction_catches_default_patterns[My email is alice.smith+test@example.com-email]" time="0.001" /><testcase classname="tests.qa.test_enterprise" name="test_redaction_catches_default_patterns[SSN: 123-45-6789-us_ssn]" time="0.001" /><testcase classname="tests.qa.test_enterprise" name="test_redaction_catches_default_patterns[Call me at +1 415-555-1234-us_phone]" time="0.001" /><testcase classname="tests.qa.test_enterprise" name="test_redaction_preserves_safe_content" time="0.001" /><testcase classname="tests.qa.test_enterprise" name="test_redaction_luhn_validates_credit_cards" time="0.001" /><testcase classname="tests.qa.test_enterprise" name="test_redaction_rejects_non_luhn_digit_strings" time="0.001" /><testcase classname="tests.qa.test_enterprise" name="test_redaction_disabled_passes_through" time="0.001" /><testcase classname="tests.qa.test_enterprise" name="test_redaction_with_custom_patterns" time="0.001" /><testcase classname="tests.qa.test_enterprise" name="test_redaction_counts_multiple_hits" time="0.001" /><testcase classname="tests.qa.test_enterprise" name="test_quota_unlimited_by_default" time="0.001" /><testcase classname="tests.qa.test_enterprise" name="test_quota_set_and_check_daily" time="0.002" /><testcase classname="tests.qa.test_enterprise" name="test_quota_consume_accumulates" time="0.002" /><testcase classname="tests.qa.test_enterprise" name="test_quota_breach_raises_with_full_context" time="0.002" /><testcase classname="tests.qa.test_enterprise" name="test_quota_hard_block_false_allows_overage" time="0.002" /><testcase classname="tests.qa.test_enterprise" name="test_quota_soft_warning_emitted" time="0.002" /><testcase classname="tests.qa.test_enterprise" name="test_quota_team_scope_independent_of_user" time="0.002" /><testcase classname="tests.qa.test_framework_contracts" name="test_adapter_has_protocol_shape[hermes]" time="0.001" /><testcase classname="tests.qa.test_framework_contracts" name="test_adapter_has_protocol_shape[langgraph]" time="0.001" /><testcase classname="tests.qa.test_framework_contracts" name="test_adapter_has_protocol_shape[crewai]" time="0.001" /><testcase classname="tests.qa.test_framework_contracts" name="test_adapter_has_protocol_shape[openai-agents]" time="0.001" /><testcase classname="tests.qa.test_framework_contracts" name="test_adapter_has_protocol_shape[claude-agent-sdk]" time="0.001" /><testcase classname="tests.qa.test_framework_contracts" name="test_adapter_has_protocol_shape[pydantic-ai]" time="0.001" /><testcase classname="tests.qa.test_framework_contracts" name="test_adapter_name_matches_expected[hermes]" time="0.001" /><testcase classname="tests.qa.test_framework_contracts" name="test_adapter_name_matches_expected[langgraph]" time="0.001" /><testcase classname="tests.qa.test_framework_contracts" name="test_adapter_name_matches_expected[crewai]" time="0.001" /><testcase classname="tests.qa.test_framework_contracts" name="test_adapter_name_matches_expected[openai-agents]" time="0.001" /><testcase classname="tests.qa.test_framework_contracts" name="test_adapter_name_matches_expected[claude-agent-sdk]" time="0.001" /><testcase classname="tests.qa.test_framework_contracts" name="test_adapter_name_matches_expected[pydantic-ai]" time="0.001" /><testcase classname="tests.qa.test_framework_contracts" name="test_module_exposes_availability_flag[hermes]" time="0.001" /><testcase classname="tests.qa.test_framework_contracts" name="test_module_exposes_availability_flag[langgraph]" time="0.001" /><testcase classname="tests.qa.test_framework_contracts" name="test_module_exposes_availability_flag[crewai]" time="0.001" /><testcase classname="tests.qa.test_framework_contracts" name="test_module_exposes_availability_flag[openai-agents]" time="0.001" /><testcase classname="tests.qa.test_framework_contracts" name="test_module_exposes_availability_flag[claude-agent-sdk]" time="0.001" /><testcase classname="tests.qa.test_framework_contracts" name="test_module_exposes_availability_flag[pydantic-ai]" time="0.001" /><testcase classname="tests.qa.test_framework_contracts" name="test_is_available_matches_flag[hermes]" time="0.001" /><testcase classname="tests.qa.test_framework_contracts" name="test_is_available_matches_flag[langgraph]" time="0.001" /><testcase classname="tests.qa.test_framework_contracts" name="test_is_available_matches_flag[crewai]" time="0.001" /><testcase classname="tests.qa.test_framework_contracts" name="test_is_available_matches_flag[openai-agents]" time="0.001" /><testcase classname="tests.qa.test_framework_contracts" name="test_is_available_matches_flag[claude-agent-sdk]" time="0.001" /><testcase classname="tests.qa.test_framework_contracts" name="test_is_available_matches_flag[pydantic-ai]" time="0.001" /><testcase classname="tests.qa.test_framework_contracts" name="test_stubs_report_unavailable[hermes]" time="0.001" /><testcase classname="tests.qa.test_framework_contracts" name="test_stubs_report_unavailable[langgraph]" time="0.001" /><testcase classname="tests.qa.test_framework_contracts" name="test_stubs_report_unavailable[crewai]" time="0.001" /><testcase classname="tests.qa.test_framework_contracts" name="test_stubs_report_unavailable[openai-agents]" time="0.001" /><testcase classname="tests.qa.test_framework_contracts" name="test_stubs_report_unavailable[claude-agent-sdk]" time="0.001" /><testcase classname="tests.qa.test_framework_contracts" name="test_stubs_report_unavailable[pydantic-ai]" time="0.001" /><testcase classname="tests.qa.test_framework_contracts" name="test_wrap_model_raises_not_implemented[hermes]" time="0.001" /><testcase classname="tests.qa.test_framework_contracts" name="test_wrap_model_raises_not_implemented[langgraph]" time="0.001" /><testcase classname="tests.qa.test_framework_contracts" name="test_wrap_model_raises_not_implemented[crewai]" time="0.001" /><testcase classname="tests.qa.test_framework_contracts" name="test_wrap_model_raises_not_implemented[openai-agents]" time="0.001" /><testcase classname="tests.qa.test_framework_contracts" name="test_wrap_model_raises_not_implemented[claude-agent-sdk]" time="0.001" /><testcase classname="tests.qa.test_framework_contracts" name="test_wrap_model_raises_not_implemented[pydantic-ai]" time="0.001" /><testcase classname="tests.qa.test_framework_contracts" name="test_wrap_model_error_message_references_v003[hermes]" time="0.001" /><testcase classname="tests.qa.test_framework_contracts" name="test_wrap_model_error_message_references_v003[langgraph]" time="0.001" /><testcase classname="tests.qa.test_framework_contracts" name="test_wrap_model_error_message_references_v003[crewai]" time="0.001" /><testcase classname="tests.qa.test_framework_contracts" name="test_wrap_model_error_message_references_v003[openai-agents]" time="0.001" /><testcase classname="tests.qa.test_framework_contracts" name="test_wrap_model_error_message_references_v003[claude-agent-sdk]" time="0.001" /><testcase classname="tests.qa.test_framework_contracts" name="test_wrap_model_error_message_references_v003[pydantic-ai]" time="0.001" /><testcase classname="tests.qa.test_framework_contracts" name="test_detect_agent_id_on_bare_object_returns_none[hermes]" time="0.001" /><testcase classname="tests.qa.test_framework_contracts" name="test_detect_agent_id_on_bare_object_returns_none[langgraph]" time="0.001" /><testcase classname="tests.qa.test_framework_contracts" name="test_detect_agent_id_on_bare_object_returns_none[crewai]" time="0.001" /><testcase classname="tests.qa.test_framework_contracts" name="test_detect_agent_id_on_bare_object_returns_none[openai-agents]" time="0.001" /><testcase classname="tests.qa.test_framework_contracts" name="test_detect_agent_id_on_bare_object_returns_none[claude-agent-sdk]" time="0.001" /><testcase classname="tests.qa.test_framework_contracts" name="test_detect_agent_id_on_bare_object_returns_none[pydantic-ai]" time="0.001" /><testcase classname="tests.qa.test_framework_contracts" name="test_crewai_detect_agent_id_reads_role" time="0.001" /><testcase classname="tests.qa.test_framework_contracts" name="test_openai_agents_detect_agent_id_reads_name" time="0.001" /><testcase classname="tests.qa.test_framework_contracts" name="test_pydantic_ai_detect_agent_id_reads_name" time="0.001" /><testcase classname="tests.qa.test_framework_contracts" name="test_module_import_is_cheap[hermes]" time="0.001" /><testcase classname="tests.qa.test_framework_contracts" name="test_module_import_is_cheap[langgraph]" time="0.001" /><testcase classname="tests.qa.test_framework_contracts" name="test_module_import_is_cheap[crewai]" time="0.001" /><testcase classname="tests.qa.test_framework_contracts" name="test_module_import_is_cheap[openai-agents]" time="0.001" /><testcase classname="tests.qa.test_framework_contracts" name="test_module_import_is_cheap[claude-agent-sdk]" time="0.001" /><testcase classname="tests.qa.test_framework_contracts" name="test_module_import_is_cheap[pydantic-ai]" time="0.001" /><testcase classname="tests.qa.test_framework_contracts" name="test_adapter_construction_is_constant_time[hermes]" time="0.001" /><testcase classname="tests.qa.test_framework_contracts" name="test_adapter_construction_is_constant_time[langgraph]" time="0.001" /><testcase classname="tests.qa.test_framework_contracts" name="test_adapter_construction_is_constant_time[crewai]" time="0.001" /><testcase classname="tests.qa.test_framework_contracts" name="test_adapter_construction_is_constant_time[openai-agents]" time="0.001" /><testcase classname="tests.qa.test_framework_contracts" name="test_adapter_construction_is_constant_time[claude-agent-sdk]" time="0.001" /><testcase classname="tests.qa.test_framework_contracts" name="test_adapter_construction_is_constant_time[pydantic-ai]" time="0.001" /><testcase classname="tests.qa.test_framework_contracts" name="test_all_six_framework_names_are_unique" time="0.001" /><testcase classname="tests.qa.test_framework_contracts" name="test_lineage_accepts_framework_slug[hermes]" time="0.000"><skipped type="pytest.skip" message="v0.1.x known-broken: lineage planned-API helpers not implemented">/Users/yaliandrona/Projects/Chuzom/tests/qa/test_framework_contracts.py:330: v0.1.x known-broken: lineage planned-API helpers not implemented</skipped></testcase><testcase classname="tests.qa.test_framework_contracts" name="test_lineage_accepts_framework_slug[langgraph]" time="0.000"><skipped type="pytest.skip" message="v0.1.x known-broken: lineage planned-API helpers not implemented">/Users/yaliandrona/Projects/Chuzom/tests/qa/test_framework_contracts.py:330: v0.1.x known-broken: lineage planned-API helpers not implemented</skipped></testcase><testcase classname="tests.qa.test_framework_contracts" name="test_lineage_accepts_framework_slug[crewai]" time="0.000"><skipped type="pytest.skip" message="v0.1.x known-broken: lineage planned-API helpers not implemented">/Users/yaliandrona/Projects/Chuzom/tests/qa/test_framework_contracts.py:330: v0.1.x known-broken: lineage planned-API helpers not implemented</skipped></testcase><testcase classname="tests.qa.test_framework_contracts" name="test_lineage_accepts_framework_slug[openai-agents]" time="0.000"><skipped type="pytest.skip" message="v0.1.x known-broken: lineage planned-API helpers not implemented">/Users/yaliandrona/Projects/Chuzom/tests/qa/test_framework_contracts.py:330: v0.1.x known-broken: lineage planned-API helpers not implemented</skipped></testcase><testcase classname="tests.qa.test_framework_contracts" name="test_lineage_accepts_framework_slug[claude-agent-sdk]" time="0.000"><skipped type="pytest.skip" message="v0.1.x known-broken: lineage planned-API helpers not implemented">/Users/yaliandrona/Projects/Chuzom/tests/qa/test_framework_contracts.py:330: v0.1.x known-broken: lineage planned-API helpers not implemented</skipped></testcase><testcase classname="tests.qa.test_framework_contracts" name="test_lineage_accepts_framework_slug[pydantic-ai]" time="0.000"><skipped type="pytest.skip" message="v0.1.x known-broken: lineage planned-API helpers not implemented">/Users/yaliandrona/Projects/Chuzom/tests/qa/test_framework_contracts.py:330: v0.1.x known-broken: lineage planned-API helpers not implemented</skipped></testcase><testcase classname="tests.qa.test_framework_contracts" name="test_session_store_accepts_framework_slug[hermes]" time="0.002" /><testcase classname="tests.qa.test_framework_contracts" name="test_session_store_accepts_framework_slug[langgraph]" time="0.002" /><testcase classname="tests.qa.test_framework_contracts" name="test_session_store_accepts_framework_slug[crewai]" time="0.002" /><testcase classname="tests.qa.test_framework_contracts" name="test_session_store_accepts_framework_slug[openai-agents]" time="0.003" /><testcase classname="tests.qa.test_framework_contracts" name="test_session_store_accepts_framework_slug[claude-agent-sdk]" time="0.002" /><testcase classname="tests.qa.test_framework_contracts" name="test_session_store_accepts_framework_slug[pydantic-ai]" time="0.001" /><testcase classname="tests.qa.test_framework_contracts" name="test_module_has_docstring[hermes]" time="0.001" /><testcase classname="tests.qa.test_framework_contracts" name="test_module_has_docstring[langgraph]" time="0.001" /><testcase classname="tests.qa.test_framework_contracts" name="test_module_has_docstring[crewai]" time="0.001" /><testcase classname="tests.qa.test_framework_contracts" name="test_module_has_docstring[openai-agents]" time="0.001" /><testcase classname="tests.qa.test_framework_contracts" name="test_module_has_docstring[claude-agent-sdk]" time="0.001" /><testcase classname="tests.qa.test_framework_contracts" name="test_module_has_docstring[pydantic-ai]" time="0.001" /><testcase classname="tests.qa.test_framework_contracts" name="test_adapter_class_has_docstring[hermes]" time="0.001" /><testcase classname="tests.qa.test_framework_contracts" name="test_adapter_class_has_docstring[langgraph]" time="0.001" /><testcase classname="tests.qa.test_framework_contracts" name="test_adapter_class_has_docstring[crewai]" time="0.001" /><testcase classname="tests.qa.test_framework_contracts" name="test_adapter_class_has_docstring[openai-agents]" time="0.001" /><testcase classname="tests.qa.test_framework_contracts" name="test_adapter_class_has_docstring[claude-agent-sdk]" time="0.001" /><testcase classname="tests.qa.test_framework_contracts" name="test_adapter_class_has_docstring[pydantic-ai]" time="0.001" /><testcase classname="tests.qa.test_functional_hosts" name="test_plugin_manifest_loadable[claude-code]" time="0.001" /><testcase classname="tests.qa.test_functional_hosts" name="test_plugin_manifest_loadable[claude-desktop]" time="0.001"><skipped type="pytest.skip" message="claude-desktop has no plugin manifest">/Users/yaliandrona/Projects/Chuzom/tests/qa/test_functional_hosts.py:23: claude-desktop has no plugin manifest</skipped></testcase><testcase classname="tests.qa.test_functional_hosts" name="test_plugin_manifest_loadable[cursor]" time="0.001"><skipped type="pytest.skip" message="cursor has no plugin manifest">/Users/yaliandrona/Projects/Chuzom/tests/qa/test_functional_hosts.py:23: cursor has no plugin manifest</skipped></testcase><testcase classname="tests.qa.test_functional_hosts" name="test_plugin_manifest_loadable[codex-cli]" time="0.001" /><testcase classname="tests.qa.test_functional_hosts" name="test_plugin_manifest_loadable[vscode]" time="0.001"><skipped type="pytest.skip" message="vscode has no plugin manifest">/Users/yaliandrona/Projects/Chuzom/tests/qa/test_functional_hosts.py:23: vscode has no plugin manifest</skipped></testcase><testcase classname="tests.qa.test_functional_hosts" name="test_plugin_manifest_loadable[gemini-cli]" time="0.001"><skipped type="pytest.skip" message="gemini-cli has no plugin manifest">/Users/yaliandrona/Projects/Chuzom/tests/qa/test_functional_hosts.py:23: gemini-cli has no plugin manifest</skipped></testcase><testcase classname="tests.qa.test_functional_hosts" name="test_plugin_manifest_loadable[gemini]" time="0.001"><skipped type="pytest.skip" message="gemini has no plugin manifest">/Users/yaliandrona/Projects/Chuzom/tests/qa/test_functional_hosts.py:23: gemini has no plugin manifest</skipped></testcase><testcase classname="tests.qa.test_functional_hosts" name="test_plugin_manifest_loadable[copilot]" time="0.001"><skipped type="pytest.skip" message="copilot has no plugin manifest">/Users/yaliandrona/Projects/Chuzom/tests/qa/test_functional_hosts.py:23: copilot has no plugin manifest</skipped></testcase><testcase classname="tests.qa.test_functional_hosts" name="test_plugin_manifest_loadable[copilot-cli]" time="0.001"><skipped type="pytest.skip" message="copilot-cli has no plugin manifest">/Users/yaliandrona/Projects/Chuzom/tests/qa/test_functional_hosts.py:23: copilot-cli has no plugin manifest</skipped></testcase><testcase classname="tests.qa.test_functional_hosts" name="test_plugin_manifest_loadable[factory]" time="0.001" /><testcase classname="tests.qa.test_functional_hosts" name="test_plugin_manifest_loadable[trae]" time="0.001"><skipped type="pytest.skip" message="trae has no plugin manifest">/Users/yaliandrona/Projects/Chuzom/tests/qa/test_functional_hosts.py:23: trae has no plugin manifest</skipped></testcase><testcase classname="tests.qa.test_functional_hosts" name="test_plugin_manifest_loadable[pi]" time="0.001"><skipped type="pytest.skip" message="pi has no plugin manifest">/Users/yaliandrona/Projects/Chuzom/tests/qa/test_functional_hosts.py:23: pi has no plugin manifest</skipped></testcase><testcase classname="tests.qa.test_functional_hosts" name="test_marketplace_manifest_loadable[claude-code]" time="0.001" /><testcase classname="tests.qa.test_functional_hosts" name="test_marketplace_manifest_loadable[claude-desktop]" time="0.001"><skipped type="pytest.skip" message="claude-desktop has no marketplace manifest">/Users/yaliandrona/Projects/Chuzom/tests/qa/test_functional_hosts.py:32: claude-desktop has no marketplace manifest</skipped></testcase><testcase classname="tests.qa.test_functional_hosts" name="test_marketplace_manifest_loadable[cursor]" time="0.001"><skipped type="pytest.skip" message="cursor has no marketplace manifest">/Users/yaliandrona/Projects/Chuzom/tests/qa/test_functional_hosts.py:32: cursor has no marketplace manifest</skipped></testcase><testcase classname="tests.qa.test_functional_hosts" name="test_marketplace_manifest_loadable[codex-cli]" time="0.001" /><testcase classname="tests.qa.test_functional_hosts" name="test_marketplace_manifest_loadable[vscode]" time="0.001"><skipped type="pytest.skip" message="vscode has no marketplace manifest">/Users/yaliandrona/Projects/Chuzom/tests/qa/test_functional_hosts.py:32: vscode has no marketplace manifest</skipped></testcase><testcase classname="tests.qa.test_functional_hosts" name="test_marketplace_manifest_loadable[gemini-cli]" time="0.001"><skipped type="pytest.skip" message="gemini-cli has no marketplace manifest">/Users/yaliandrona/Projects/Chuzom/tests/qa/test_functional_hosts.py:32: gemini-cli has no marketplace manifest</skipped></testcase><testcase classname="tests.qa.test_functional_hosts" name="test_marketplace_manifest_loadable[gemini]" time="0.001"><skipped type="pytest.skip" message="gemini has no marketplace manifest">/Users/yaliandrona/Projects/Chuzom/tests/qa/test_functional_hosts.py:32: gemini has no marketplace manifest</skipped></testcase><testcase classname="tests.qa.test_functional_hosts" name="test_marketplace_manifest_loadable[copilot]" time="0.001"><skipped type="pytest.skip" message="copilot has no marketplace manifest">/Users/yaliandrona/Projects/Chuzom/tests/qa/test_functional_hosts.py:32: copilot has no marketplace manifest</skipped></testcase><testcase classname="tests.qa.test_functional_hosts" name="test_marketplace_manifest_loadable[copilot-cli]" time="0.001"><skipped type="pytest.skip" message="copilot-cli has no marketplace manifest">/Users/yaliandrona/Projects/Chuzom/tests/qa/test_functional_hosts.py:32: copilot-cli has no marketplace manifest</skipped></testcase><testcase classname="tests.qa.test_functional_hosts" name="test_marketplace_manifest_loadable[factory]" time="0.001" /><testcase classname="tests.qa.test_functional_hosts" name="test_marketplace_manifest_loadable[trae]" time="0.001"><skipped type="pytest.skip" message="trae has no marketplace manifest">/Users/yaliandrona/Projects/Chuzom/tests/qa/test_functional_hosts.py:32: trae has no mar
[...]
allback" time="0.006" /><testcase classname="tests.test_token_budget.TestGetModelContextLimit" name="test_unknown_model_uses_default" time="0.005" /><testcase classname="tests.test_token_budget.TestGetModelContextLimit" name="test_ollama_qwen" time="0.005" /><testcase classname="tests.test_token_budget.TestGetModelContextLimit" name="test_gemini_flash" time="0.005" /><testcase classname="tests.test_token_budget.TestGetModelContextLimit" name="test_codex_models" time="0.005" /><testcase classname="tests.test_token_budget.TestCalculateBudget" name="test_small_model_respects_limit" time="0.006" /><testcase classname="tests.test_token_budget.TestCalculateBudget" name="test_output_reserve_minimum" time="0.006" /><testcase classname="tests.test_token_budget.TestCalculateBudget" name="test_simple_tasks_get_small_budgets" time="0.005" /><testcase classname="tests.test_token_budget.TestCalculateBudget" name="test_complex_tasks_get_larger_budgets" time="0.005" /><testcase classname="tests.test_token_budget.TestCalculateBudget" name="test_user_prompt_tokens_respected" time="0.005" /><testcase classname="tests.test_token_budget.TestCalculateBudget" name="test_system_tokens_capped_at_300" time="0.005" /><testcase classname="tests.test_token_budget.TestCalculateBudget" name="test_budget_is_frozen" time="0.006" /><testcase classname="tests.test_token_budget.TestEstimateTokens" name="test_empty_string" time="0.006" /><testcase classname="tests.test_token_budget.TestEstimateTokens" name="test_short_text" time="0.005" /><testcase classname="tests.test_token_budget.TestEstimateTokens" name="test_longer_text" time="0.006" /><testcase classname="tests.test_token_budget.TestFitsBudget" name="test_short_text_fits" time="0.007" /><testcase classname="tests.test_token_budget.TestFitsBudget" name="test_long_text_doesnt_fit" time="0.006" /><testcase classname="tests.test_token_budget.TestTruncateToBudget" name="test_short_text_unchanged" time="0.006" /><testcase classname="tests.test_token_budget.TestTruncateToBudget" name="test_long_text_truncated" time="0.006" /><testcase classname="tests.test_token_budget.TestTruncateToBudget" name="test_truncation_preserves_line_boundaries" time="0.006" /><testcase classname="tests.test_token_budget.TestTruncateToBudget" name="test_zero_budget_returns_marker" time="0.006" /><testcase classname="tests.test_token_indicators" name="test_estimate_prompt_tokens" time="0.010" /><testcase classname="tests.test_token_indicators" name="test_suggest_directive_shows_estimated_tokens" time="0.309" /><testcase classname="tests.test_tool_tiers.TestToolTiers" name="test_off_allows_all_tools" time="0.006" /><testcase classname="tests.test_tool_tiers.TestToolTiers" name="test_core_allows_only_4_tools" time="0.006" /><testcase classname="tests.test_tool_tiers.TestToolTiers" name="test_routing_allows_subset" time="0.005" /><testcase classname="tests.test_tool_tiers.TestToolTiers" name="test_routing_is_superset_of_core" time="0.006" /><testcase classname="tests.test_tool_tiers.TestToolTiers" name="test_unknown_slim_value_allows_all" time="0.006" /><testcase classname="tests.test_tool_tiers.TestToolTiers" name="test_empty_slim_allows_all" time="0.006" /><testcase classname="tests.test_tool_tiers.TestToolTiers" name="test_tier_summary_returns_string" time="0.007" /><testcase classname="tests.test_tool_tiers.TestSessionSpend" name="test_record_accumulates_cost" time="0.007" /><testcase classname="tests.test_tool_tiers.TestSessionSpend" name="test_per_model_and_per_tool_tracked" time="0.007" /><testcase classname="tests.test_tool_tiers.TestSessionSpend" name="test_anomaly_fires_above_threshold" time="0.006" /><testcase classname="tests.test_tool_tiers.TestSessionSpend" name="test_anomaly_not_fired_for_long_session" time="0.006" /><testcase classname="tests.test_tool_tiers.TestSessionSpend" name="test_persist_writes_to_disk" time="0.007" /><testcase classname="tests.test_tool_tiers.TestSessionSpend" name="test_load_from_disk" time="0.007" /><testcase classname="tests.test_tool_tiers.TestSessionSpend" name="test_reset_clears_data" time="0.006" /><testcase classname="tests.test_tool_tiers.TestSessionSpend" name="test_cost_estimation_fallback" time="0.006" /><testcase classname="tests.test_tool_tiers.TestSessionSpend" name="test_get_summary_structure" time="0.006" /><testcase classname="tests.test_tool_tiers.TestCorrectionsTable" name="test_log_and_count_corrections" time="0.028" /><testcase classname="tests.test_tool_tiers.TestCorrectionsTable" name="test_correction_count_zero_for_unknown_tool" time="0.019" /><testcase classname="tests.test_tool_tiers.TestLlmReroute" name="test_reroute_valid_tool_records_correction" time="0.020" /><testcase classname="tests.test_tool_tiers.TestLlmReroute" name="test_reroute_invalid_tool_returns_error" time="0.006" /><testcase classname="tests.test_tool_tiers.TestLlmReroute" name="test_reroute_shows_confidence_impact" time="0.022" /><testcase classname="tests.test_tool_tiers.TestQuickstart" name="test_detect_hosts_returns_list" time="0.006" /><testcase classname="tests.test_tool_tiers.TestQuickstart" name="test_detect_hosts_finds_cursor_when_dir_exists" time="0.006" /><testcase classname="tests.test_tool_tiers.TestQuickstart" name="test_detect_hosts_empty_when_nothing_installed" time="0.006" /><testcase classname="tests.test_tool_tiers.TestDoctorHost" name="test_doctor_host_vscode_missing_mcp_json" time="0.005" /><testcase classname="tests.test_tool_tiers.TestDoctorHost" name="test_doctor_host_cursor_missing_mcp_json" time="0.006" /><testcase classname="tests.test_tool_tiers.TestDoctorHost" name="test_doctor_host_cursor_passes_when_configured" time="0.006" /><testcase classname="tests.test_tool_tiers.TestDoctorHost" name="test_doctor_host_vscode_passes_when_configured" time="0.006" /><testcase classname="tests.test_tool_tiers.TestDoctorHost" name="test_doctor_host_all_checks_multiple_hosts" time="0.005" /><testcase classname="tests.test_tool_tiers.TestDoctorHost" name="test_doctor_host_invalid_host" time="0.005" /><testcase classname="tests.test_tool_tiers.TestV4Config" name="test_slim_field_defaults_to_consolidated" time="0.007" /><testcase classname="tests.test_tool_tiers.TestV4Config" name="test_escalate_above_defaults_to_zero" time="0.007" /><testcase classname="tests.test_tool_tiers.TestV4Config" name="test_hard_stop_defaults_to_zero" time="0.008" /><testcase classname="tests.test_tool_tiers.TestV4Config" name="test_slim_field_read_from_env" time="0.009" /><testcase classname="tests.test_tool_tiers.TestFsAnalyzeContext" name="test_analyze_with_no_key_files_returns_message" time="0.009" /><testcase classname="tests.test_tool_tiers.TestFsAnalyzeContext" name="test_analyze_reads_pyproject_toml" time="0.011" /><testcase classname="tests.test_tool_tiers.TestLlmSessionSpend" name="test_session_spend_tool_returns_summary" time="0.014" /><testcase classname="tests.test_tool_tiers.TestLlmSessionSpend" name="test_session_spend_shows_anomaly_warning" time="0.007" /><testcase classname="tests.test_tq007_daily_cap_downgrade" name="test_cap_hit_with_free_available_downgrades_to_free" time="0.049" /><testcase classname="tests.test_tq007_daily_cap_downgrade" name="test_cap_hit_no_free_hard_blocks" time="0.011" /><testcase classname="tests.test_tq007_daily_cap_downgrade" name="test_cap_hit_no_free_no_claude_smart_blocks" time="0.009" /><testcase classname="tests.test_tq007_daily_cap_downgrade" name="test_cap_hit_no_free_smart_falls_through_to_claude" time="0.027" /><testcase classname="tests.test_tq007_daily_cap_downgrade" name="test_hard_block_releases_pending_spend_reservation" time="0.019" /><testcase classname="tests.test_tq007_daily_cap_downgrade" name="test_no_cap_allows_paid_provider" time="0.017" /><testcase classname="tests.test_tq007_daily_cap_downgrade" name="test_total_cap_also_downgrades" time="0.024" /><testcase classname="tests.test_tq007_daily_cap_downgrade" name="test_cap_hit_precision_prompt_stays_free" time="0.024" /><testcase classname="tests.test_tq007_daily_cap_downgrade" name="test_cap_hit_org_specialist_stays_free" time="0.027" /><testcase classname="tests.test_tq007_daily_cap_downgrade" name="test_cap_hit_precision_prompt_no_free_hard_blocks" time="0.017" /><testcase classname="tests.test_tracing" name="test_get_tracer_returns_noop_without_endpoint" time="0.006" /><testcase classname="tests.test_tracing" name="test_classify_complexity_emits_span" time="0.009" /><testcase classname="tests.test_tracing" name="test_route_and_call_emits_route_and_provider_spans" time="1.050" /><testcase classname="tests.test_tracing" name="test_build_chain_emits_span" time="0.010" /><testcase classname="tests.test_tracing" name="test_score_all_models_emits_span" time="0.008" /><testcase classname="tests.test_tz_today_queries" name="test_digest_today_period_uses_localtime" time="0.006" /><testcase classname="tests.test_tz_today_queries" name="test_digest_spike_query_uses_localtime" time="0.006" /><testcase classname="tests.test_tz_today_queries" name="test_cost_period_maps_use_localtime" time="0.006" /><testcase classname="tests.test_tz_today_queries" name="test_cost_where_clauses_convert_column_to_localtime" time="0.006" /><testcase classname="tests.test_tz_today_queries" name="test_dashboards_group_daily_by_localtime" time="0.006" /><testcase classname="tests.test_tz_today_queries" name="test_today_filters_no_bare_utc_start_of_day" time="0.005" /><testcase classname="tests.test_tz_today_queries" name="test_statusline_today_savings_use_localtime" time="0.005" /><testcase classname="tests.test_usage_refresh_hook.TestUsageRefreshHook" name="test_non_llm_tool_ignored" time="0.022" /><testcase classname="tests.test_usage_refresh_hook.TestUsageRefreshHook" name="test_usage_tools_ignored" time="0.065" /><testcase classname="tests.test_usage_refresh_hook.TestUsageRefreshHook" name="test_stale_data_triggers_hint" time="0.024" /><testcase classname="tests.test_usage_refresh_hook.TestUsageRefreshHook" name="test_fresh_data_no_hint" time="0.024" /><testcase classname="tests.test_usage_refresh_hook.TestUsageRefreshHook" name="test_nonexistent_state_file_is_stale" time="0.021" /><testcase classname="tests.test_usage_refresh_hook.TestUsageRefreshHook" name="test_llm_route_triggers_check" time="0.021" /><testcase classname="tests.test_usage_refresh_hook.TestUsageRefreshHook" name="test_llm_stream_triggers_check" time="0.021" /><testcase classname="tests.test_v10_migration.TestColdStartInvariant" name="test_empty_telemetry_returns_input_unchanged" time="0.006" /><testcase classname="tests.test_v10_migration.TestColdStartInvariant" name="test_under_min_samples_returns_input_unchanged" time="0.006" /><testcase classname="tests.test_v10_migration.TestBanditEnvOptOut" name="test_env_var_recognized_off_values" time="0.005" /><testcase classname="tests.test_v10_migration.TestBanditEnvOptOut" name="test_router_skips_bandit_when_env_set" time="0.005" /><testcase classname="tests.test_v10_migration.TestBanditDefaultOn" name="test_no_env_var_means_bandit_on" time="0.006" /><testcase classname="tests.test_v10_migration.TestBanditDefaultOn" name="test_default_epsilon_unchanged_from_v9" time="0.006" /><testcase classname="tests.test_v10_migration.TestBanditExploitWithTelemetry" name="test_exploit_picks_best_ev_when_data_present" time="0.005" /><testcase classname="tests.test_verify_enterprise" name="test_profile_check_passes_under_enterprise" time="0.005" /><testcase classname="tests.test_verify_enterprise" name="test_profile_check_fails_under_developer" time="0.006" /><testcase classname="tests.test_verify_enterprise" name="test_token_present_check_fails_when_empty" time="0.005" /><testcase classname="tests.test_verify_enterprise" name="test_token_present_check_passes_when_set" time="0.005" /><testcase classname="tests.test_verify_enterprise" name="test_token_authenticates_check_passes_with_valid_token" time="0.009" /><testcase classname="tests.test_verify_enterprise" name="test_token_authenticates_check_fails_with_missing_token" time="0.005" /><testcase classname="tests.test_verify_enterprise" name="test_rbac_strict_check_passes_under_enterprise" time="0.005" /><testcase classname="tests.test_verify_enterprise" name="test_rbac_strict_check_fails_under_developer" time="0.005" /><testcase classname="tests.test_verify_enterprise" name="test_audit_active_check_under_enterprise" time="0.005" /><testcase classname="tests.test_verify_enterprise" name="test_audit_active_check_under_developer_with_disable_env" time="0.006" /><testcase classname="tests.test_verify_enterprise" name="test_redaction_check_under_enterprise" time="0.005" /><testcase classname="tests.test_verify_enterprise" name="test_redaction_check_under_developer" time="0.005" /><testcase classname="tests.test_verify_enterprise" name="test_identity_db_check_passes_against_writable_tmp" time="0.008" /><testcase classname="tests.test_verify_enterprise" name="test_audit_db_check_passes_against_writable_tmp" time="0.009" /><testcase classname="tests.test_verify_enterprise" name="test_admin_actions_db_check_passes_against_writable_tmp" time="0.007" /><testcase classname="tests.test_verify_enterprise" name="test_policy_store_check_passes_against_writable_tmp" time="0.007" /><testcase classname="tests.test_verify_enterprise" name="test_db_check_fails_on_unwritable_path" time="0.006" /><testcase classname="tests.test_verify_enterprise" name="test_run_verifier_enterprise_returns_full_check_list" time="0.013" /><testcase classname="tests.test_verify_enterprise" name="test_run_verifier_developer_returns_lighter_check_list" time="0.013" /><testcase classname="tests.test_verify_enterprise" name="test_report_to_dict_round_trip" time="0.013" /><testcase classname="tests.test_verify_enterprise" name="test_cli_help_returns_zero" time="0.006" /><testcase classname="tests.test_verify_enterprise" name="test_cli_unknown_flag_returns_two" time="0.005" /><testcase classname="tests.test_verify_enterprise" name="test_cli_default_is_enterprise_returns_one_when_misconfigured" time="0.014" /><testcase classname="tests.test_verify_enterprise" name="test_cli_developer_check_passes_in_clean_env" time="0.015" /><testcase classname="tests.test_verify_enterprise" name="test_cli_json_output_is_machine_readable" time="0.012" /><testcase classname="tests.test_vscode_cursor_install.TestInstallVsCodeFiles" name="test_creates_mcp_json_with_servers_key" time="0.007" /><testcase classname="tests.test_vscode_cursor_install.TestInstallVsCodeFiles" name="test_action_confirms_file_written" time="0.007" /><testcase classname="tests.test_vscode_cursor_install.TestInstallVsCodeFiles" name="test_idempotent_no_duplicate_server" time="0.006" /><testcase classname="tests.test_vscode_cursor_install.TestInstallVsCodeFiles" name="test_copilot_instructions_appended" time="0.006" /><testcase classname="tests.test_vscode_cursor_install.TestInstallVsCodeFiles" name="test_copilot_instructions_not_duplicated" time="0.006" /><testcase classname="tests.test_vscode_cursor_install.TestInstallVsCodeFiles" name="test_merges_with_existing_servers" time="0.006" /><testcase classname="tests.test_vscode_cursor_install.TestInstallCursorFiles" name="test_creates_cursor_mcp_json" time="0.006" /><testcase classname="tests.test_vscode_cursor_install.TestInstallCursorFiles" name="test_action_confirms_file_written" time="0.005" /><testcase classname="tests.test_vscode_cursor_install.TestInstallCursorFiles" name="test_idempotent_no_duplicate_server" time="0.018" /><testcase classname="tests.test_vscode_cursor_install.TestInstallCursorFiles" name="test_cursor_rules_written" time="0.008" /><testcase classname="tests.test_vscode_cursor_install.TestInstallCursorFiles" name="test_cursor_rules_not_duplicated" time="0.007" /><testcase classname="tests.test_vscode_cursor_install.TestInstallCursorFiles" name="test_merges_with_existing_mcp_servers" time="0.007" /><testcase classname="tests.test_vscode_cursor_install.TestInstallHostDispatch" name="test_install_host_vscode" time="0.007" /><testcase classname="tests.test_vscode_cursor_install.TestInstallHostDispatch" name="test_install_host_cursor" time="0.008" /><testcase classname="tests.test_vscode_cursor_install.TestInstallHostDispatch" name="test_install_host_all_includes_vscode_cursor" time="0.014" /><testcase classname="tests.test_vscode_cursor_install.TestRulesFilesExist" name="test_vscode_rules_exists" time="0.006" /><testcase classname="tests.test_vscode_cursor_install.TestRulesFilesExist" name="test_cursor_rules_exists" time="0.006" /><testcase classname="tests.test_vscode_cursor_install.TestRulesFilesExist" name="test_vscode_rules_contain_routing_guidance" time="0.007" /><testcase classname="tests.test_vscode_cursor_install.TestRulesFilesExist" name="test_cursor_rules_contain_routing_guidance" time="0.008" /><testcase classname="tests.test_vscode_cursor_install.TestMergeJsonMcpBlockRootKey" name="test_default_root_key_is_mcpServers" time="0.008" /><testcase classname="tests.test_vscode_cursor_install.TestMergeJsonMcpBlockRootKey" name="test_custom_root_key_servers" time="0.007" /><testcase classname="tests.test_vscode_cursor_install.TestMergeJsonMcpBlockRootKey" name="test_preserves_existing_keys_with_different_root" time="0.008" /><testcase classname="tests.test_welcome_cli" name="test_welcome_default_prints_painterly_banner" time="0.011" /><testcase classname="tests.test_welcome_cli" name="test_welcome_compact_prints_single_line" time="0.011" /><testcase classname="tests.test_welcome_cli" name="test_welcome_help_returns_zero_without_printing_banner[-h]" time="0.007" /><testcase classname="tests.test_welcome_cli" name="test_welcome_help_returns_zero_without_printing_banner[--help]" time="0.007" /><testcase classname="tests.test_welcome_cli" name="test_welcome_subcommand_is_registered_in_cli" time="0.007" /><testcase classname="tests.test_zero_claude_bypass" name="test_zero_claude_blocks_on_success" time="0.767" /><testcase classname="tests.test_zero_claude_bypass" name="test_default_mode_echoes_self_contained_outside_zero_claude" time="0.792" /><testcase classname="tests.test_zero_claude_bypass" name="test_explicit_echo_mode_stays_advisory" time="0.756" /><testcase classname="tests.test_zero_claude_bypass" name="test_zero_claude_blocks_empty_prompt" time="0.513" /><testcase classname="tests.test_zero_claude_bypass" name="test_history_parses_user_and_assistant_turns" time="0.016" /><testcase classname="tests.test_zero_claude_bypass" name="test_history_skips_tool_only_and_bad_lines" time="0.008" /><testcase classname="tests.test_zero_claude_bypass" name="test_history_token_capped" time="0.008" /><testcase classname="tests.test_zero_claude_bypass" name="test_history_empty_when_no_transcript" time="0.007" /><testcase classname="tests.test_zero_claude_scenarios" name="test_simple_prompt_completes_via_external_direct_execution" time="0.696" /><testcase classname="tests.test_zero_claude_scenarios" name="test_tool_task_fails_closed_when_external_agent_is_unavailable" time="0.185" /><testcase classname="tests.test_zero_claude_scenarios" name="test_direct_failure_does_not_emit_a_native_route_instruction" time="0.175" /><testcase classname="tests.test_zero_claude_scenarios" name="test_native_mcp_tool_request_blocks_before_host_execution" time="0.124" /><testcase classname="tests.test_zero_claude_sidecar_bypass" name="test_zero_claude_blocks_sidecar_prefetch" time="20.030" /><testcase classname="tests.test_zero_claude_sidecar_bypass" name="test_sidecar_still_fires_without_zero_claude" time="0.012" /><testcase classname="tests.test_zero_claude_status" name="test_explicit_read_file_prompt_uses_external_agent_path" time="0.008" /><testcase classname="tests.test_zero_claude_status" name="test_one_percent_session_usage_is_not_read_as_one_hundred_percent" time="0.007" /><testcase classname="tests.test_zero_claude_status" name="test_zero_claude_banner_overrides_detected_subscription" time="0.233" /></testsuite></testsuites>